0 verbose cli D:\nodejs\node.exe D:\nodejs\node_modules\npm\bin\npm-cli.js
1 info using npm@10.2.3
2 info using node@v18.19.0
3 timing npm:load:whichnode Completed in 2ms
4 timing config:load:defaults Completed in 2ms
5 timing config:load:file:D:\nodejs\node_modules\npm\npmrc Completed in 2ms
6 timing config:load:builtin Completed in 3ms
7 timing config:load:cli Completed in 1ms
8 timing config:load:env Completed in 1ms
9 timing config:load:file:E:\Annotation2\annotation2-ui\.npmrc Completed in 0ms
10 timing config:load:project Completed in 1ms
11 timing config:load:file:C:\Users\30894\.npmrc Completed in 1ms
12 timing config:load:user Completed in 1ms
13 timing config:load:file:D:\nodejs\node_global\etc\npmrc Completed in 0ms
14 timing config:load:global Completed in 0ms
15 timing config:load:setEnvs Completed in 1ms
16 timing config:load Completed in 10ms
17 timing npm:load:configload Completed in 10ms
18 timing config:load:flatten Completed in 2ms
19 timing npm:load:mkdirpcache Completed in 2ms
20 timing npm:load:mkdirplogs Completed in 0ms
21 verbose title npm install
22 verbose argv "install" "--cache" "./.npm-cache"
23 timing npm:load:setTitle Completed in 1ms
24 timing npm:load:display Completed in 1ms
25 verbose logfile logs-max:10 dir:E:\Annotation2\annotation2-ui\.npm-cache\_logs\2025-11-28T08_06_49_491Z-
26 verbose logfile E:\Annotation2\annotation2-ui\.npm-cache\_logs\2025-11-28T08_06_49_491Z-debug-0.log
27 timing npm:load:logFile Completed in 7ms
28 timing npm:load:timers Completed in 0ms
29 timing npm:load:configScope Completed in 0ms
30 timing npm:load Completed in 45ms
31 timing arborist:ctor Completed in 0ms
32 silly logfile done cleaning log files
33 timing arborist:ctor Completed in 0ms
34 timing idealTree:init Completed in 9ms
35 timing idealTree:userRequests Completed in 0ms
36 silly idealTree buildDeps
37 silly fetch manifest react@^18.3.1
38 http fetch GET 200 https://registry.npmjs.org/npm 407ms (cache miss)
39 http fetch GET 200 https://registry.npmjs.org/react 543ms (cache miss)
40 silly fetch manifest react-dom@^18.3.1
41 http fetch GET 200 https://registry.npmjs.org/react-dom 365ms (cache miss)
42 silly fetch manifest typescript@^5.6.3
43 http fetch GET 200 https://registry.npmjs.org/typescript 446ms (cache miss)
44 silly fetch manifest vite@^5.0.10
45 http fetch GET 200 https://registry.npmjs.org/vite 125ms (cache miss)
46 silly fetch manifest @types/node@^18.0.0 || >=20.0.0
47 http fetch GET 200 https://registry.npmjs.org/@types%2fnode 199ms (cache miss)
48 silly fetch manifest less@*
49 http fetch GET 200 https://registry.npmjs.org/less 102ms (cache miss)
50 silly fetch manifest lightningcss@^1.21.0
51 http fetch GET 200 https://registry.npmjs.org/lightningcss 106ms (cache miss)
52 silly fetch manifest sass@*
53 http fetch GET 200 https://registry.npmjs.org/sass 491ms (cache miss)
54 silly fetch manifest sass-embedded@*
55 http fetch GET 200 https://registry.npmjs.org/sass-embedded 110ms (cache miss)
56 silly fetch manifest stylus@*
57 http fetch GET 200 https://registry.npmjs.org/stylus 100ms (cache miss)
58 silly fetch manifest sugarss@*
59 http fetch GET 200 https://registry.npmjs.org/sugarss 106ms (cache miss)
60 silly fetch manifest postcss@^8.3.3
61 http fetch GET 200 https://registry.npmjs.org/postcss 105ms (cache miss)
62 silly fetch manifest terser@^5.4.0
63 http fetch GET 200 https://registry.npmjs.org/terser 108ms (cache miss)
64 silly fetch manifest @types/react@^18.2.42
65 http fetch GET 200 https://registry.npmjs.org/@types%2freact 144ms (cache miss)
66 silly fetch manifest @types/react-dom@^18.2.18
67 http fetch GET 200 https://registry.npmjs.org/@types%2freact-dom 119ms (cache miss)
68 silly placeDep ROOT @types/react@18.3.27 OK for: annotation2-ui@0.0.1 want: ^18.2.42
69 silly fetch manifest csstype@^3.2.2
70 silly fetch manifest @types/prop-types@*
71 silly placeDep ROOT @types/react-dom@18.3.7 OK for: annotation2-ui@0.0.1 want: ^18.2.18
72 silly placeDep ROOT react@18.3.1 OK for: annotation2-ui@0.0.1 want: ^18.3.1
73 silly fetch manifest loose-envify@^1.1.0
74 silly placeDep ROOT react-dom@18.3.1 OK for: annotation2-ui@0.0.1 want: ^18.3.1
75 silly fetch manifest scheduler@^0.23.2
76 silly placeDep ROOT typescript@5.9.3 OK for: annotation2-ui@0.0.1 want: ^5.6.3
77 silly placeDep ROOT vite@5.4.21 OK for: annotation2-ui@0.0.1 want: ^5.0.10
78 silly fetch manifest rollup@^4.20.0
79 silly fetch manifest esbuild@^0.21.3
80 silly fetch manifest postcss@^8.4.43
81 silly fetch manifest fsevents@~2.3.3
82 http fetch GET 200 https://registry.npmjs.org/csstype 107ms (cache miss)
83 http fetch GET 200 https://registry.npmjs.org/@types%2fprop-types 127ms (cache miss)
84 http fetch GET 200 https://registry.npmjs.org/loose-envify 310ms (cache miss)
85 http fetch GET 200 https://registry.npmjs.org/fsevents 312ms (cache miss)
86 http fetch GET 200 https://registry.npmjs.org/rollup 589ms (cache miss)
87 http fetch GET 200 https://registry.npmjs.org/scheduler 841ms (cache miss)
88 http fetch GET 200 https://registry.npmjs.org/esbuild 922ms (cache miss)
89 timing idealTree:#root Completed in 4282ms
90 silly placeDep ROOT @types/prop-types@15.7.15 OK for: @types/react@18.3.27 want: *
91 silly placeDep ROOT csstype@3.2.3 OK for: @types/react@18.3.27 want: ^3.2.2
92 timing idealTree:node_modules/@types/react Completed in 3ms
93 timing idealTree:node_modules/@types/prop-types Completed in 0ms
94 timing idealTree:node_modules/@types/react-dom Completed in 0ms
95 timing idealTree:node_modules/csstype Completed in 0ms
96 silly placeDep ROOT loose-envify@1.4.0 OK for: react@18.3.1 want: ^1.1.0
97 silly fetch manifest js-tokens@^3.0.0 || ^4.0.0
98 http fetch GET 200 https://registry.npmjs.org/js-tokens 93ms (cache miss)
99 timing idealTree:node_modules/react Completed in 95ms
100 silly placeDep ROOT js-tokens@4.0.0 OK for: loose-envify@1.4.0 want: ^3.0.0 || ^4.0.0
101 timing idealTree:node_modules/loose-envify Completed in 1ms
102 timing idealTree:node_modules/js-tokens Completed in 0ms
103 silly placeDep ROOT scheduler@0.23.2 OK for: react-dom@18.3.1 want: ^0.23.2
104 timing idealTree:node_modules/react-dom Completed in 1ms
105 timing idealTree:node_modules/scheduler Completed in 0ms
106 timing idealTree:node_modules/typescript Completed in 0ms
107 silly placeDep ROOT esbuild@0.21.5 OK for: vite@5.4.21 want: ^0.21.3
108 silly fetch manifest @esbuild/aix-ppc64@0.21.5
109 silly fetch manifest @esbuild/linux-arm@0.21.5
110 silly fetch manifest @esbuild/linux-x64@0.21.5
111 silly fetch manifest @esbuild/sunos-x64@0.21.5
112 silly fetch manifest @esbuild/win32-x64@0.21.5
113 silly fetch manifest @esbuild/darwin-x64@0.21.5
114 silly fetch manifest @esbuild/linux-ia32@0.21.5
115 silly fetch manifest @esbuild/netbsd-x64@0.21.5
116 silly fetch manifest @esbuild/win32-ia32@0.21.5
117 silly fetch manifest @esbuild/android-arm@0.21.5
118 silly fetch manifest @esbuild/android-x64@0.21.5
119 silly fetch manifest @esbuild/freebsd-x64@0.21.5
120 silly fetch manifest @esbuild/linux-arm64@0.21.5
121 silly fetch manifest @esbuild/linux-ppc64@0.21.5
122 silly fetch manifest @esbuild/linux-s390x@0.21.5
123 silly fetch manifest @esbuild/openbsd-x64@0.21.5
124 silly fetch manifest @esbuild/win32-arm64@0.21.5
125 silly fetch manifest @esbuild/darwin-arm64@0.21.5
126 silly fetch manifest @esbuild/android-arm64@0.21.5
127 silly fetch manifest @esbuild/freebsd-arm64@0.21.5
128 silly fetch manifest @esbuild/linux-loong64@0.21.5
129 silly fetch manifest @esbuild/linux-riscv64@0.21.5
130 silly fetch manifest @esbuild/linux-mips64el@0.21.5
131 silly placeDep ROOT fsevents@2.3.3 OK for: vite@5.4.21 want: ~2.3.3
132 silly placeDep ROOT postcss@8.5.6 OK for: vite@5.4.21 want: ^8.4.43
133 silly fetch manifest nanoid@^3.3.11
134 silly fetch manifest picocolors@^1.1.1
135 silly fetch manifest source-map-js@^1.2.1
136 silly placeDep ROOT rollup@4.53.3 OK for: vite@5.4.21 want: ^4.20.0
137 silly fetch manifest @types/estree@1.0.8
138 silly fetch manifest @rollup/rollup-darwin-arm64@4.53.3
139 silly fetch manifest @rollup/rollup-android-arm64@4.53.3
140 silly fetch manifest @rollup/rollup-win32-arm64-msvc@4.53.3
141 silly fetch manifest @rollup/rollup-freebsd-arm64@4.53.3
142 silly fetch manifest @rollup/rollup-linux-arm64-gnu@4.53.3
143 silly fetch manifest @rollup/rollup-linux-arm64-musl@4.53.3
144 silly fetch manifest @rollup/rollup-android-arm-eabi@4.53.3
145 silly fetch manifest @rollup/rollup-linux-arm-gnueabihf@4.53.3
146 silly fetch manifest @rollup/rollup-linux-arm-musleabihf@4.53.3
147 silly fetch manifest @rollup/rollup-win32-ia32-msvc@4.53.3
148 silly fetch manifest @rollup/rollup-linux-loong64-gnu@4.53.3
149 silly fetch manifest @rollup/rollup-linux-riscv64-gnu@4.53.3
150 silly fetch manifest @rollup/rollup-linux-riscv64-musl@4.53.3
151 silly fetch manifest @rollup/rollup-linux-ppc64-gnu@4.53.3
152 silly fetch manifest @rollup/rollup-linux-s390x-gnu@4.53.3
153 silly fetch manifest @rollup/rollup-darwin-x64@4.53.3
154 silly fetch manifest @rollup/rollup-win32-x64-gnu@4.53.3
155 silly fetch manifest @rollup/rollup-win32-x64-msvc@4.53.3
156 silly fetch manifest @rollup/rollup-freebsd-x64@4.53.3
157 silly fetch manifest @rollup/rollup-linux-x64-gnu@4.53.3
158 silly fetch manifest @rollup/rollup-linux-x64-musl@4.53.3
159 silly fetch manifest @rollup/rollup-openharmony-arm64@4.53.3
160 http fetch GET 200 https://registry.npmjs.org/@esbuild%2flinux-ia32 148ms (cache miss)
161 http fetch GET 200 https://registry.npmjs.org/@esbuild%2fdarwin-x64 177ms (cache miss)
162 http fetch GET 200 https://registry.npmjs.org/@esbuild%2faix-ppc64 184ms (cache miss)
163 http fetch GET 200 https://registry.npmjs.org/@esbuild%2fwin32-x64 188ms (cache miss)
164 http fetch GET 200 https://registry.npmjs.org/@esbuild%2fsunos-x64 266ms (cache miss)
165 http fetch GET 200 https://registry.npmjs.org/@esbuild%2flinux-x64 275ms (cache miss)
166 http fetch GET 200 https://registry.npmjs.org/@esbuild%2flinux-arm 283ms (cache miss)
167 http fetch GET 200 https://registry.npmjs.org/@esbuild%2fwin32-arm64 364ms (cache miss)
168 http fetch GET 200 https://registry.npmjs.org/picocolors 391ms (cache miss)
169 http fetch GET 200 https://registry.npmjs.org/@esbuild%2ffreebsd-x64 471ms (cache miss)
170 http fetch GET 200 https://registry.npmjs.org/source-map-js 495ms (cache miss)
171 http fetch GET 200 https://registry.npmjs.org/@rollup%2frollup-linux-loong64-gnu 489ms (cache miss)
172 http fetch GET 200 https://registry.npmjs.org/@rollup%2frollup-win32-x64-gnu 494ms (cache miss)
173 http fetch GET 200 https://registry.npmjs.org/@rollup%2frollup-openharmony-arm64 494ms (cache miss)
174 http fetch GET 200 https://registry.npmjs.org/@rollup%2frollup-freebsd-arm64 515ms (cache miss)
175 http fetch GET 200 https://registry.npmjs.org/@rollup%2frollup-linux-ppc64-gnu 509ms (cache miss)
176 http fetch GET 200 https://registry.npmjs.org/@rollup%2frollup-linux-riscv64-musl 511ms (cache miss)
177 http fetch GET 200 https://registry.npmjs.org/@types%2festree 542ms (cache miss)
178 http fetch GET 200 https://registry.npmjs.org/@rollup%2frollup-freebsd-x64 534ms (cache miss)
179 http fetch GET 200 https://registry.npmjs.org/@rollup%2frollup-linux-riscv64-gnu 557ms (cache miss)
180 http fetch GET 200 https://registry.npmjs.org/@rollup%2frollup-linux-arm64-gnu 585ms (cache miss)
181 http fetch GET 200 https://registry.npmjs.org/@rollup%2frollup-linux-s390x-gnu 578ms (cache miss)
182 http fetch GET 200 https://registry.npmjs.org/@rollup%2frollup-linux-x64-gnu 579ms (cache miss)
183 http fetch GET 200 https://registry.npmjs.org/@rollup%2frollup-linux-arm-musleabihf 589ms (cache miss)
184 http fetch GET 200 https://registry.npmjs.org/@rollup%2frollup-darwin-arm64 597ms (cache miss)
185 http fetch GET 200 https://registry.npmjs.org/@rollup%2frollup-linux-arm64-musl 597ms (cache miss)
186 http fetch GET 200 https://registry.npmjs.org/@rollup%2frollup-android-arm64 600ms (cache miss)
187 http fetch GET 200 https://registry.npmjs.org/@esbuild%2fopenbsd-x64 615ms (cache miss)
188 http fetch GET 200 https://registry.npmjs.org/@esbuild%2fnetbsd-x64 622ms (cache miss)
189 http fetch GET 200 https://registry.npmjs.org/@esbuild%2ffreebsd-arm64 617ms (cache miss)
190 http fetch GET 200 https://registry.npmjs.org/@rollup%2frollup-linux-arm-gnueabihf 606ms (cache miss)
191 http fetch GET 200 https://registry.npmjs.org/@rollup%2frollup-win32-arm64-msvc 613ms (cache miss)
192 http fetch GET 200 https://registry.npmjs.org/@esbuild%2flinux-mips64el 621ms (cache miss)
193 http fetch GET 200 https://registry.npmjs.org/@rollup%2frollup-android-arm-eabi 612ms (cache miss)
194 http fetch GET 200 https://registry.npmjs.org/@esbuild%2flinux-arm64 630ms (cache miss)
195 http fetch GET 200 https://registry.npmjs.org/@esbuild%2fandroid-arm64 638ms (cache miss)
196 http fetch GET 200 https://registry.npmjs.org/@esbuild%2fwin32-ia32 647ms (cache miss)
197 http fetch GET 200 https://registry.npmjs.org/@rollup%2frollup-win32-ia32-msvc 628ms (cache miss)
198 http fetch GET 200 https://registry.npmjs.org/@esbuild%2flinux-s390x 645ms (cache miss)
199 http fetch GET 200 https://registry.npmjs.org/@rollup%2frollup-win32-x64-msvc 623ms (cache miss)
200 http fetch GET 200 https://registry.npmjs.org/@rollup%2frollup-darwin-x64 627ms (cache miss)
201 http fetch GET 200 https://registry.npmjs.org/@esbuild%2flinux-ppc64 649ms (cache miss)
202 http fetch GET 200 https://registry.npmjs.org/@esbuild%2fdarwin-arm64 648ms (cache miss)
203 http fetch GET 200 https://registry.npmjs.org/@rollup%2frollup-linux-x64-musl 626ms (cache miss)
204 http fetch GET 200 https://registry.npmjs.org/@esbuild%2flinux-riscv64 650ms (cache miss)
205 http fetch GET 200 https://registry.npmjs.org/@esbuild%2fandroid-x64 658ms (cache miss)
206 http fetch GET 200 https://registry.npmjs.org/@esbuild%2flinux-loong64 657ms (cache miss)
207 http fetch GET 200 https://registry.npmjs.org/@esbuild%2fandroid-arm 665ms (cache miss)
208 http fetch GET 200 https://registry.npmjs.org/nanoid 657ms (cache miss)
209 timing idealTree:node_modules/vite Completed in 681ms
210 silly placeDep ROOT @esbuild/aix-ppc64@0.21.5 OK for: esbuild@0.21.5 want: 0.21.5
211 silly placeDep ROOT @esbuild/android-arm@0.21.5 OK for: esbuild@0.21.5 want: 0.21.5
212 silly placeDep ROOT @esbuild/android-arm64@0.21.5 OK for: esbuild@0.21.5 want: 0.21.5
213 silly placeDep ROOT @esbuild/android-x64@0.21.5 OK for: esbuild@0.21.5 want: 0.21.5
214 silly placeDep ROOT @esbuild/darwin-arm64@0.21.5 OK for: esbuild@0.21.5 want: 0.21.5
215 silly placeDep ROOT @esbuild/darwin-x64@0.21.5 OK for: esbuild@0.21.5 want: 0.21.5
216 silly placeDep ROOT @esbuild/freebsd-arm64@0.21.5 OK for: esbuild@0.21.5 want: 0.21.5
217 silly placeDep ROOT @esbuild/freebsd-x64@0.21.5 OK for: esbuild@0.21.5 want: 0.21.5
218 silly placeDep ROOT @esbuild/linux-arm@0.21.5 OK for: esbuild@0.21.5 want: 0.21.5
219 silly placeDep ROOT @esbuild/linux-arm64@0.21.5 OK for: esbuild@0.21.5 want: 0.21.5
220 silly placeDep ROOT @esbuild/linux-ia32@0.21.5 OK for: esbuild@0.21.5 want: 0.21.5
221 silly placeDep ROOT @esbuild/linux-loong64@0.21.5 OK for: esbuild@0.21.5 want: 0.21.5
222 silly placeDep ROOT @esbuild/linux-mips64el@0.21.5 OK for: esbuild@0.21.5 want: 0.21.5
223 silly placeDep ROOT @esbuild/linux-ppc64@0.21.5 OK for: esbuild@0.21.5 want: 0.21.5
224 silly placeDep ROOT @esbuild/linux-riscv64@0.21.5 OK for: esbuild@0.21.5 want: 0.21.5
225 silly placeDep ROOT @esbuild/linux-s390x@0.21.5 OK for: esbuild@0.21.5 want: 0.21.5
226 silly placeDep ROOT @esbuild/linux-x64@0.21.5 OK for: esbuild@0.21.5 want: 0.21.5
227 silly placeDep ROOT @esbuild/netbsd-x64@0.21.5 OK for: esbuild@0.21.5 want: 0.21.5
228 silly placeDep ROOT @esbuild/openbsd-x64@0.21.5 OK for: esbuild@0.21.5 want: 0.21.5
229 silly placeDep ROOT @esbuild/sunos-x64@0.21.5 OK for: esbuild@0.21.5 want: 0.21.5
230 silly placeDep ROOT @esbuild/win32-arm64@0.21.5 OK for: esbuild@0.21.5 want: 0.21.5
231 silly placeDep ROOT @esbuild/win32-ia32@0.21.5 OK for: esbuild@0.21.5 want: 0.21.5
232 silly placeDep ROOT @esbuild/win32-x64@0.21.5 OK for: esbuild@0.21.5 want: 0.21.5
233 timing idealTree:node_modules/esbuild Completed in 27ms
234 timing idealTree:node_modules/@esbuild/aix-ppc64 Completed in 0ms
235 timing idealTree:node_modules/@esbuild/android-arm Completed in 0ms
236 timing idealTree:node_modules/@esbuild/android-arm64 Completed in 0ms
237 timing idealTree:node_modules/@esbuild/android-x64 Completed in 0ms
238 timing idealTree:node_modules/@esbuild/darwin-arm64 Completed in 0ms
239 timing idealTree:node_modules/@esbuild/darwin-x64 Completed in 0ms
240 timing idealTree:node_modules/@esbuild/freebsd-arm64 Completed in 0ms
241 timing idealTree:node_modules/@esbuild/freebsd-x64 Completed in 0ms
242 timing idealTree:node_modules/@esbuild/linux-arm Completed in 0ms
243 timing idealTree:node_modules/@esbuild/linux-arm64 Completed in 0ms
244 timing idealTree:node_modules/@esbuild/linux-ia32 Completed in 0ms
245 timing idealTree:node_modules/@esbuild/linux-loong64 Completed in 0ms
246 timing idealTree:node_modules/@esbuild/linux-mips64el Completed in 0ms
247 timing idealTree:node_modules/@esbuild/linux-ppc64 Completed in 0ms
248 timing idealTree:node_modules/@esbuild/linux-riscv64 Completed in 0ms
249 timing idealTree:node_modules/@esbuild/linux-s390x Completed in 0ms
250 timing idealTree:node_modules/@esbuild/linux-x64 Completed in 0ms
251 timing idealTree:node_modules/@esbuild/netbsd-x64 Completed in 0ms
252 timing idealTree:node_modules/@esbuild/openbsd-x64 Completed in 0ms
253 timing idealTree:node_modules/@esbuild/sunos-x64 Completed in 0ms
254 timing idealTree:node_modules/@esbuild/win32-arm64 Completed in 0ms
255 timing idealTree:node_modules/@esbuild/win32-ia32 Completed in 0ms
256 timing idealTree:node_modules/@esbuild/win32-x64 Completed in 0ms
257 timing idealTree:node_modules/fsevents Completed in 0ms
258 silly placeDep ROOT nanoid@3.3.11 OK for: postcss@8.5.6 want: ^3.3.11
259 silly placeDep ROOT picocolors@1.1.1 OK for: postcss@8.5.6 want: ^1.1.1
260 silly placeDep ROOT source-map-js@1.2.1 OK for: postcss@8.5.6 want: ^1.2.1
261 timing idealTree:node_modules/postcss Completed in 3ms
262 timing idealTree:node_modules/nanoid Completed in 0ms
263 timing idealTree:node_modules/picocolors Completed in 0ms
264 silly placeDep ROOT @rollup/rollup-android-arm-eabi@4.53.3 OK for: rollup@4.53.3 want: 4.53.3
265 silly placeDep ROOT @rollup/rollup-android-arm64@4.53.3 OK for: rollup@4.53.3 want: 4.53.3
266 silly placeDep ROOT @rollup/rollup-darwin-arm64@4.53.3 OK for: rollup@4.53.3 want: 4.53.3
267 silly placeDep ROOT @rollup/rollup-darwin-x64@4.53.3 OK for: rollup@4.53.3 want: 4.53.3
268 silly placeDep ROOT @rollup/rollup-freebsd-arm64@4.53.3 OK for: rollup@4.53.3 want: 4.53.3
269 silly placeDep ROOT @rollup/rollup-freebsd-x64@4.53.3 OK for: rollup@4.53.3 want: 4.53.3
270 silly placeDep ROOT @rollup/rollup-linux-arm-gnueabihf@4.53.3 OK for: rollup@4.53.3 want: 4.53.3
271 silly placeDep ROOT @rollup/rollup-linux-arm-musleabihf@4.53.3 OK for: rollup@4.53.3 want: 4.53.3
272 silly placeDep ROOT @rollup/rollup-linux-arm64-gnu@4.53.3 OK for: rollup@4.53.3 want: 4.53.3
273 silly placeDep ROOT @rollup/rollup-linux-arm64-musl@4.53.3 OK for: rollup@4.53.3 want: 4.53.3
274 silly placeDep ROOT @rollup/rollup-linux-loong64-gnu@4.53.3 OK for: rollup@4.53.3 want: 4.53.3
275 silly placeDep ROOT @rollup/rollup-linux-ppc64-gnu@4.53.3 OK for: rollup@4.53.3 want: 4.53.3
276 silly placeDep ROOT @rollup/rollup-linux-riscv64-gnu@4.53.3 OK for: rollup@4.53.3 want: 4.53.3
277 silly placeDep ROOT @rollup/rollup-linux-riscv64-musl@4.53.3 OK for: rollup@4.53.3 want: 4.53.3
278 silly placeDep ROOT @rollup/rollup-linux-s390x-gnu@4.53.3 OK for: rollup@4.53.3 want: 4.53.3
279 silly placeDep ROOT @rollup/rollup-linux-x64-gnu@4.53.3 OK for: rollup@4.53.3 want: 4.53.3
280 silly placeDep ROOT @rollup/rollup-linux-x64-musl@4.53.3 OK for: rollup@4.53.3 want: 4.53.3
281 silly placeDep ROOT @rollup/rollup-openharmony-arm64@4.53.3 OK for: rollup@4.53.3 want: 4.53.3
282 silly placeDep ROOT @rollup/rollup-win32-arm64-msvc@4.53.3 OK for: rollup@4.53.3 want: 4.53.3
283 silly placeDep ROOT @rollup/rollup-win32-ia32-msvc@4.53.3 OK for: rollup@4.53.3 want: 4.53.3
284 silly placeDep ROOT @rollup/rollup-win32-x64-gnu@4.53.3 OK for: rollup@4.53.3 want: 4.53.3
285 silly placeDep ROOT @rollup/rollup-win32-x64-msvc@4.53.3 OK for: rollup@4.53.3 want: 4.53.3
286 silly placeDep ROOT @types/estree@1.0.8 OK for: rollup@4.53.3 want: 1.0.8
287 timing idealTree:node_modules/rollup Completed in 25ms
288 timing idealTree:node_modules/@rollup/rollup-android-arm-eabi Completed in 0ms
289 timing idealTree:node_modules/@rollup/rollup-android-arm64 Completed in 0ms
290 timing idealTree:node_modules/@rollup/rollup-darwin-arm64 Completed in 0ms
291 timing idealTree:node_modules/@rollup/rollup-darwin-x64 Completed in 0ms
292 timing idealTree:node_modules/@rollup/rollup-freebsd-arm64 Completed in 0ms
293 timing idealTree:node_modules/@rollup/rollup-freebsd-x64 Completed in 0ms
294 timing idealTree:node_modules/@rollup/rollup-linux-arm-gnueabihf Completed in 0ms
295 timing idealTree:node_modules/@rollup/rollup-linux-arm-musleabihf Completed in 0ms
296 timing idealTree:node_modules/@rollup/rollup-linux-arm64-gnu Completed in 0ms
297 timing idealTree:node_modules/@rollup/rollup-linux-arm64-musl Completed in 0ms
298 timing idealTree:node_modules/@rollup/rollup-linux-loong64-gnu Completed in 0ms
299 timing idealTree:node_modules/@rollup/rollup-linux-ppc64-gnu Completed in 0ms
300 timing idealTree:node_modules/@rollup/rollup-linux-riscv64-gnu Completed in 0ms
301 timing idealTree:node_modules/@rollup/rollup-linux-riscv64-musl Completed in 0ms
302 timing idealTree:node_modules/@rollup/rollup-linux-s390x-gnu Completed in 0ms
303 timing idealTree:node_modules/@rollup/rollup-linux-x64-gnu Completed in 0ms
304 timing idealTree:node_modules/@rollup/rollup-linux-x64-musl Completed in 0ms
305 timing idealTree:node_modules/@rollup/rollup-openharmony-arm64 Completed in 0ms
306 timing idealTree:node_modules/@rollup/rollup-win32-arm64-msvc Completed in 0ms
307 timing idealTree:node_modules/@rollup/rollup-win32-ia32-msvc Completed in 0ms
308 timing idealTree:node_modules/@rollup/rollup-win32-x64-gnu Completed in 0ms
309 timing idealTree:node_modules/@rollup/rollup-win32-x64-msvc Completed in 0ms
310 timing idealTree:node_modules/@types/estree Completed in 1ms
311 timing idealTree:node_modules/source-map-js Completed in 0ms
312 timing idealTree:buildDeps Completed in 5122ms
313 timing idealTree:fixDepFlags Completed in 0ms
314 timing idealTree Completed in 5133ms
315 timing reify:loadTrees Completed in 5134ms
316 timing reify:diffTrees Completed in 1ms
317 silly reify moves {}
318 timing reify:retireShallow Completed in 1ms
319 timing reify:createSparse Completed in 15ms
320 timing reify:loadBundles Completed in 0ms
321 silly audit bulk request {
321 silly audit   '@types/react': [ '18.3.27' ],
321 silly audit   '@types/react-dom': [ '18.3.7' ],
321 silly audit   react: [ '18.3.1' ],
321 silly audit   'react-dom': [ '18.3.1' ],
321 silly audit   typescript: [ '5.9.3' ],
321 silly audit   vite: [ '5.4.21' ],
321 silly audit   '@types/prop-types': [ '15.7.15' ],
321 silly audit   csstype: [ '3.2.3' ],
321 silly audit   'loose-envify': [ '1.4.0' ],
321 silly audit   'js-tokens': [ '4.0.0' ],
321 silly audit   scheduler: [ '0.23.2' ],
321 silly audit   esbuild: [ '0.21.5' ],
321 silly audit   fsevents: [ '2.3.3' ],
321 silly audit   postcss: [ '8.5.6' ],
321 silly audit   rollup: [ '4.53.3' ],
321 silly audit   '@esbuild/aix-ppc64': [ '0.21.5' ],
321 silly audit   '@esbuild/android-arm': [ '0.21.5' ],
321 silly audit   '@esbuild/android-arm64': [ '0.21.5' ],
321 silly audit   '@esbuild/android-x64': [ '0.21.5' ],
321 silly audit   '@esbuild/darwin-arm64': [ '0.21.5' ],
321 silly audit   '@esbuild/darwin-x64': [ '0.21.5' ],
321 silly audit   '@esbuild/freebsd-arm64': [ '0.21.5' ],
321 silly audit   '@esbuild/freebsd-x64': [ '0.21.5' ],
321 silly audit   '@esbuild/linux-arm': [ '0.21.5' ],
321 silly audit   '@esbuild/linux-arm64': [ '0.21.5' ],
321 silly audit   '@esbuild/linux-ia32': [ '0.21.5' ],
321 silly audit   '@esbuild/linux-loong64': [ '0.21.5' ],
321 silly audit   '@esbuild/linux-mips64el': [ '0.21.5' ],
321 silly audit   '@esbuild/linux-ppc64': [ '0.21.5' ],
321 silly audit   '@esbuild/linux-riscv64': [ '0.21.5' ],
321 silly audit   '@esbuild/linux-s390x': [ '0.21.5' ],
321 silly audit   '@esbuild/linux-x64': [ '0.21.5' ],
321 silly audit   '@esbuild/netbsd-x64': [ '0.21.5' ],
321 silly audit   '@esbuild/openbsd-x64': [ '0.21.5' ],
321 silly audit   '@esbuild/sunos-x64': [ '0.21.5' ],
321 silly audit   '@esbuild/win32-arm64': [ '0.21.5' ],
321 silly audit   '@esbuild/win32-ia32': [ '0.21.5' ],
321 silly audit   '@esbuild/win32-x64': [ '0.21.5' ],
321 silly audit   nanoid: [ '3.3.11' ],
321 silly audit   picocolors: [ '1.1.1' ],
321 silly audit   'source-map-js': [ '1.2.1' ],
321 silly audit   '@rollup/rollup-android-arm-eabi': [ '4.53.3' ],
321 silly audit   '@rollup/rollup-android-arm64': [ '4.53.3' ],
321 silly audit   '@rollup/rollup-darwin-arm64': [ '4.53.3' ],
321 silly audit   '@rollup/rollup-darwin-x64': [ '4.53.3' ],
321 silly audit   '@rollup/rollup-freebsd-arm64': [ '4.53.3' ],
321 silly audit   '@rollup/rollup-freebsd-x64': [ '4.53.3' ],
321 silly audit   '@rollup/rollup-linux-arm-gnueabihf': [ '4.53.3' ],
321 silly audit   '@rollup/rollup-linux-arm-musleabihf': [ '4.53.3' ],
321 silly audit   '@rollup/rollup-linux-arm64-gnu': [ '4.53.3' ],
321 silly audit   '@rollup/rollup-linux-arm64-musl': [ '4.53.3' ],
321 silly audit   '@rollup/rollup-linux-loong64-gnu': [ '4.53.3' ],
321 silly audit   '@rollup/rollup-linux-ppc64-gnu': [ '4.53.3' ],
321 silly audit   '@rollup/rollup-linux-riscv64-gnu': [ '4.53.3' ],
321 silly audit   '@rollup/rollup-linux-riscv64-musl': [ '4.53.3' ],
321 silly audit   '@rollup/rollup-linux-s390x-gnu': [ '4.53.3' ],
321 silly audit   '@rollup/rollup-linux-x64-gnu': [ '4.53.3' ],
321 silly audit   '@rollup/rollup-linux-x64-musl': [ '4.53.3' ],
321 silly audit   '@rollup/rollup-openharmony-arm64': [ '4.53.3' ],
321 silly audit   '@rollup/rollup-win32-arm64-msvc': [ '4.53.3' ],
321 silly audit   '@rollup/rollup-win32-ia32-msvc': [ '4.53.3' ],
321 silly audit   '@rollup/rollup-win32-x64-gnu': [ '4.53.3' ],
321 silly audit   '@rollup/rollup-win32-x64-msvc': [ '4.53.3' ],
321 silly audit   '@types/estree': [ '1.0.8' ]
321 silly audit }
322 verbose reify failed optional dependency E:\Annotation2\annotation2-ui\node_modules\@rollup\rollup-win32-ia32-msvc
323 silly reify mark deleted [
323 silly reify   'E:\\Annotation2\\annotation2-ui\\node_modules\\@rollup\\rollup-win32-ia32-msvc'
323 silly reify ]
324 verbose reify failed optional dependency E:\Annotation2\annotation2-ui\node_modules\@rollup\rollup-win32-arm64-msvc
325 silly reify mark deleted [
325 silly reify   'E:\\Annotation2\\annotation2-ui\\node_modules\\@rollup\\rollup-win32-arm64-msvc'
325 silly reify ]
326 verbose reify failed optional dependency E:\Annotation2\annotation2-ui\node_modules\@rollup\rollup-openharmony-arm64
327 silly reify mark deleted [
327 silly reify   'E:\\Annotation2\\annotation2-ui\\node_modules\\@rollup\\rollup-openharmony-arm64'
327 silly reify ]
328 verbose reify failed optional dependency E:\Annotation2\annotation2-ui\node_modules\@rollup\rollup-linux-x64-musl
329 silly reify mark deleted [
329 silly reify   'E:\\Annotation2\\annotation2-ui\\node_modules\\@rollup\\rollup-linux-x64-musl'
329 silly reify ]
330 verbose reify failed optional dependency E:\Annotation2\annotation2-ui\node_modules\@rollup\rollup-linux-x64-gnu
331 silly reify mark deleted [
331 silly reify   'E:\\Annotation2\\annotation2-ui\\node_modules\\@rollup\\rollup-linux-x64-gnu'
331 silly reify ]
332 verbose reify failed optional dependency E:\Annotation2\annotation2-ui\node_modules\@rollup\rollup-linux-s390x-gnu
333 silly reify mark deleted [
333 silly reify   'E:\\Annotation2\\annotation2-ui\\node_modules\\@rollup\\rollup-linux-s390x-gnu'
333 silly reify ]
334 verbose reify failed optional dependency E:\Annotation2\annotation2-ui\node_modules\@rollup\rollup-linux-riscv64-musl
335 silly reify mark deleted [
335 silly reify   'E:\\Annotation2\\annotation2-ui\\node_modules\\@rollup\\rollup-linux-riscv64-musl'
335 silly reify ]
336 verbose reify failed optional dependency E:\Annotation2\annotation2-ui\node_modules\@rollup\rollup-linux-riscv64-gnu
337 silly reify mark deleted [
337 silly reify   'E:\\Annotation2\\annotation2-ui\\node_modules\\@rollup\\rollup-linux-riscv64-gnu'
337 silly reify ]
338 verbose reify failed optional dependency E:\Annotation2\annotation2-ui\node_modules\@rollup\rollup-linux-ppc64-gnu
339 silly reify mark deleted [
339 silly reify   'E:\\Annotation2\\annotation2-ui\\node_modules\\@rollup\\rollup-linux-ppc64-gnu'
339 silly reify ]
340 verbose reify failed optional dependency E:\Annotation2\annotation2-ui\node_modules\@rollup\rollup-linux-loong64-gnu
341 silly reify mark deleted [
341 silly reify   'E:\\Annotation2\\annotation2-ui\\node_modules\\@rollup\\rollup-linux-loong64-gnu'
341 silly reify ]
342 verbose reify failed optional dependency E:\Annotation2\annotation2-ui\node_modules\@rollup\rollup-linux-arm64-musl
343 silly reify mark deleted [
343 silly reify   'E:\\Annotation2\\annotation2-ui\\node_modules\\@rollup\\rollup-linux-arm64-musl'
343 silly reify ]
344 verbose reify failed optional dependency E:\Annotation2\annotation2-ui\node_modules\@rollup\rollup-linux-arm64-gnu
345 silly reify mark deleted [
345 silly reify   'E:\\Annotation2\\annotation2-ui\\node_modules\\@rollup\\rollup-linux-arm64-gnu'
345 silly reify ]
346 verbose reify failed optional dependency E:\Annotation2\annotation2-ui\node_modules\@rollup\rollup-linux-arm-musleabihf
347 silly reify mark deleted [
347 silly reify   'E:\\Annotation2\\annotation2-ui\\node_modules\\@rollup\\rollup-linux-arm-musleabihf'
347 silly reify ]
348 verbose reify failed optional dependency E:\Annotation2\annotation2-ui\node_modules\@rollup\rollup-linux-arm-gnueabihf
349 silly reify mark deleted [
349 silly reify   'E:\\Annotation2\\annotation2-ui\\node_modules\\@rollup\\rollup-linux-arm-gnueabihf'
349 silly reify ]
350 verbose reify failed optional dependency E:\Annotation2\annotation2-ui\node_modules\@rollup\rollup-freebsd-x64
351 silly reify mark deleted [
351 silly reify   'E:\\Annotation2\\annotation2-ui\\node_modules\\@rollup\\rollup-freebsd-x64'
351 silly reify ]
352 verbose reify failed optional dependency E:\Annotation2\annotation2-ui\node_modules\@rollup\rollup-freebsd-arm64
353 silly reify mark deleted [
353 silly reify   'E:\\Annotation2\\annotation2-ui\\node_modules\\@rollup\\rollup-freebsd-arm64'
353 silly reify ]
354 verbose reify failed optional dependency E:\Annotation2\annotation2-ui\node_modules\@rollup\rollup-darwin-x64
355 silly reify mark deleted [
355 silly reify   'E:\\Annotation2\\annotation2-ui\\node_modules\\@rollup\\rollup-darwin-x64'
355 silly reify ]
356 verbose reify failed optional dependency E:\Annotation2\annotation2-ui\node_modules\@rollup\rollup-darwin-arm64
357 silly reify mark deleted [
357 silly reify   'E:\\Annotation2\\annotation2-ui\\node_modules\\@rollup\\rollup-darwin-arm64'
357 silly reify ]
358 verbose reify failed optional dependency E:\Annotation2\annotation2-ui\node_modules\@rollup\rollup-android-arm64
359 silly reify mark deleted [
359 silly reify   'E:\\Annotation2\\annotation2-ui\\node_modules\\@rollup\\rollup-android-arm64'
359 silly reify ]
360 verbose reify failed optional dependency E:\Annotation2\annotation2-ui\node_modules\@rollup\rollup-android-arm-eabi
361 silly reify mark deleted [
361 silly reify   'E:\\Annotation2\\annotation2-ui\\node_modules\\@rollup\\rollup-android-arm-eabi'
361 silly reify ]
362 verbose reify failed optional dependency E:\Annotation2\annotation2-ui\node_modules\@esbuild\win32-ia32
363 silly reify mark deleted [
363 silly reify   'E:\\Annotation2\\annotation2-ui\\node_modules\\@esbuild\\win32-ia32'
363 silly reify ]
364 verbose reify failed optional dependency E:\Annotation2\annotation2-ui\node_modules\@esbuild\win32-arm64
365 silly reify mark deleted [
365 silly reify   'E:\\Annotation2\\annotation2-ui\\node_modules\\@esbuild\\win32-arm64'
365 silly reify ]
366 verbose reify failed optional dependency E:\Annotation2\annotation2-ui\node_modules\@esbuild\sunos-x64
367 silly reify mark deleted [
367 silly reify   'E:\\Annotation2\\annotation2-ui\\node_modules\\@esbuild\\sunos-x64'
367 silly reify ]
368 verbose reify failed optional dependency E:\Annotation2\annotation2-ui\node_modules\@esbuild\openbsd-x64
369 silly reify mark deleted [
369 silly reify   'E:\\Annotation2\\annotation2-ui\\node_modules\\@esbuild\\openbsd-x64'
369 silly reify ]
370 verbose reify failed optional dependency E:\Annotation2\annotation2-ui\node_modules\@esbuild\netbsd-x64
371 silly reify mark deleted [
371 silly reify   'E:\\Annotation2\\annotation2-ui\\node_modules\\@esbuild\\netbsd-x64'
371 silly reify ]
372 verbose reify failed optional dependency E:\Annotation2\annotation2-ui\node_modules\@esbuild\linux-x64
373 silly reify mark deleted [
373 silly reify   'E:\\Annotation2\\annotation2-ui\\node_modules\\@esbuild\\linux-x64'
373 silly reify ]
374 verbose reify failed optional dependency E:\Annotation2\annotation2-ui\node_modules\@esbuild\linux-s390x
375 silly reify mark deleted [
375 silly reify   'E:\\Annotation2\\annotation2-ui\\node_modules\\@esbuild\\linux-s390x'
375 silly reify ]
376 verbose reify failed optional dependency E:\Annotation2\annotation2-ui\node_modules\@esbuild\linux-riscv64
377 silly reify mark deleted [
377 silly reify   'E:\\Annotation2\\annotation2-ui\\node_modules\\@esbuild\\linux-riscv64'
377 silly reify ]
378 verbose reify failed optional dependency E:\Annotation2\annotation2-ui\node_modules\@esbuild\linux-ppc64
379 silly reify mark deleted [
379 silly reify   'E:\\Annotation2\\annotation2-ui\\node_modules\\@esbuild\\linux-ppc64'
379 silly reify ]
380 verbose reify failed optional dependency E:\Annotation2\annotation2-ui\node_modules\@esbuild\linux-mips64el
381 silly reify mark deleted [
381 silly reify   'E:\\Annotation2\\annotation2-ui\\node_modules\\@esbuild\\linux-mips64el'
381 silly reify ]
382 verbose reify failed optional dependency E:\Annotation2\annotation2-ui\node_modules\@esbuild\linux-loong64
383 silly reify mark deleted [
383 silly reify   'E:\\Annotation2\\annotation2-ui\\node_modules\\@esbuild\\linux-loong64'
383 silly reify ]
384 verbose reify failed optional dependency E:\Annotation2\annotation2-ui\node_modules\@esbuild\linux-ia32
385 silly reify mark deleted [
385 silly reify   'E:\\Annotation2\\annotation2-ui\\node_modules\\@esbuild\\linux-ia32'
385 silly reify ]
386 verbose reify failed optional dependency E:\Annotation2\annotation2-ui\node_modules\@esbuild\linux-arm64
387 silly reify mark deleted [
387 silly reify   'E:\\Annotation2\\annotation2-ui\\node_modules\\@esbuild\\linux-arm64'
387 silly reify ]
388 verbose reify failed optional dependency E:\Annotation2\annotation2-ui\node_modules\@esbuild\linux-arm
389 silly reify mark deleted [
389 silly reify   'E:\\Annotation2\\annotation2-ui\\node_modules\\@esbuild\\linux-arm'
389 silly reify ]
390 verbose reify failed optional dependency E:\Annotation2\annotation2-ui\node_modules\@esbuild\freebsd-x64
391 silly reify mark deleted [
391 silly reify   'E:\\Annotation2\\annotation2-ui\\node_modules\\@esbuild\\freebsd-x64'
391 silly reify ]
392 verbose reify failed optional dependency E:\Annotation2\annotation2-ui\node_modules\@esbuild\freebsd-arm64
393 silly reify mark deleted [
393 silly reify   'E:\\Annotation2\\annotation2-ui\\node_modules\\@esbuild\\freebsd-arm64'
393 silly reify ]
394 verbose reify failed optional dependency E:\Annotation2\annotation2-ui\node_modules\@esbuild\darwin-x64
395 silly reify mark deleted [
395 silly reify   'E:\\Annotation2\\annotation2-ui\\node_modules\\@esbuild\\darwin-x64'
395 silly reify ]
396 verbose reify failed optional dependency E:\Annotation2\annotation2-ui\node_modules\@esbuild\darwin-arm64
397 silly reify mark deleted [
397 silly reify   'E:\\Annotation2\\annotation2-ui\\node_modules\\@esbuild\\darwin-arm64'
397 silly reify ]
398 verbose reify failed optional dependency E:\Annotation2\annotation2-ui\node_modules\@esbuild\android-x64
399 silly reify mark deleted [
399 silly reify   'E:\\Annotation2\\annotation2-ui\\node_modules\\@esbuild\\android-x64'
399 silly reify ]
400 verbose reify failed optional dependency E:\Annotation2\annotation2-ui\node_modules\@esbuild\android-arm64
401 silly reify mark deleted [
401 silly reify   'E:\\Annotation2\\annotation2-ui\\node_modules\\@esbuild\\android-arm64'
401 silly reify ]
402 verbose reify failed optional dependency E:\Annotation2\annotation2-ui\node_modules\@esbuild\android-arm
403 silly reify mark deleted [
403 silly reify   'E:\\Annotation2\\annotation2-ui\\node_modules\\@esbuild\\android-arm'
403 silly reify ]
404 verbose reify failed optional dependency E:\Annotation2\annotation2-ui\node_modules\@esbuild\aix-ppc64
405 silly reify mark deleted [
405 silly reify   'E:\\Annotation2\\annotation2-ui\\node_modules\\@esbuild\\aix-ppc64'
405 silly reify ]
406 verbose reify failed optional dependency E:\Annotation2\annotation2-ui\node_modules\fsevents
407 silly reify mark deleted [ 'E:\\Annotation2\\annotation2-ui\\node_modules\\fsevents' ]
408 timing reifyNode:node_modules/@rollup/rollup-win32-ia32-msvc Completed in 12ms
409 timing reifyNode:node_modules/@rollup/rollup-win32-arm64-msvc Completed in 12ms
410 timing reifyNode:node_modules/@rollup/rollup-openharmony-arm64 Completed in 12ms
411 timing reifyNode:node_modules/@rollup/rollup-linux-x64-musl Completed in 12ms
412 timing reifyNode:node_modules/@rollup/rollup-linux-x64-gnu Completed in 12ms
413 timing reifyNode:node_modules/@rollup/rollup-linux-s390x-gnu Completed in 12ms
414 timing reifyNode:node_modules/@rollup/rollup-linux-riscv64-musl Completed in 12ms
415 timing reifyNode:node_modules/@rollup/rollup-linux-riscv64-gnu Completed in 12ms
416 timing reifyNode:node_modules/@rollup/rollup-linux-ppc64-gnu Completed in 12ms
417 timing reifyNode:node_modules/@rollup/rollup-linux-loong64-gnu Completed in 12ms
418 timing reifyNode:node_modules/@rollup/rollup-linux-arm64-musl Completed in 12ms
419 timing reifyNode:node_modules/@rollup/rollup-linux-arm64-gnu Completed in 12ms
420 timing reifyNode:node_modules/@rollup/rollup-linux-arm-musleabihf Completed in 13ms
421 timing reifyNode:node_modules/@rollup/rollup-linux-arm-gnueabihf Completed in 12ms
422 timing reifyNode:node_modules/@rollup/rollup-freebsd-x64 Completed in 12ms
423 timing reifyNode:node_modules/@rollup/rollup-freebsd-arm64 Completed in 12ms
424 timing reifyNode:node_modules/@rollup/rollup-darwin-x64 Completed in 12ms
425 timing reifyNode:node_modules/@rollup/rollup-darwin-arm64 Completed in 12ms
426 timing reifyNode:node_modules/@rollup/rollup-android-arm64 Completed in 12ms
427 timing reifyNode:node_modules/@rollup/rollup-android-arm-eabi Completed in 12ms
428 timing reifyNode:node_modules/@esbuild/win32-ia32 Completed in 12ms
429 timing reifyNode:node_modules/@esbuild/win32-arm64 Completed in 12ms
430 timing reifyNode:node_modules/@esbuild/sunos-x64 Completed in 12ms
431 timing reifyNode:node_modules/@esbuild/openbsd-x64 Completed in 12ms
432 timing reifyNode:node_modules/@esbuild/netbsd-x64 Completed in 12ms
433 timing reifyNode:node_modules/@esbuild/linux-x64 Completed in 12ms
434 timing reifyNode:node_modules/@esbuild/linux-s390x Completed in 12ms
435 timing reifyNode:node_modules/@esbuild/linux-riscv64 Completed in 12ms
436 timing reifyNode:node_modules/@esbuild/linux-ppc64 Completed in 12ms
437 timing reifyNode:node_modules/@esbuild/linux-mips64el Completed in 12ms
438 timing reifyNode:node_modules/@esbuild/linux-loong64 Completed in 12ms
439 timing reifyNode:node_modules/@esbuild/linux-ia32 Completed in 12ms
440 timing reifyNode:node_modules/@esbuild/linux-arm64 Completed in 12ms
441 timing reifyNode:node_modules/@esbuild/linux-arm Completed in 12ms
442 timing reifyNode:node_modules/@esbuild/freebsd-x64 Completed in 12ms
443 timing reifyNode:node_modules/@esbuild/freebsd-arm64 Completed in 12ms
444 timing reifyNode:node_modules/@esbuild/darwin-x64 Completed in 11ms
445 timing reifyNode:node_modules/@esbuild/darwin-arm64 Completed in 11ms
446 timing reifyNode:node_modules/@esbuild/android-x64 Completed in 11ms
447 timing reifyNode:node_modules/@esbuild/android-arm64 Completed in 11ms
448 timing reifyNode:node_modules/@esbuild/android-arm Completed in 11ms
449 timing reifyNode:node_modules/@esbuild/aix-ppc64 Completed in 11ms
450 timing reifyNode:node_modules/fsevents Completed in 11ms
451 silly tarball no local data for @types/estree@https://registry.npmjs.org/@types/estree/-/estree-1.0.8.tgz. Extracting by manifest.
452 silly tarball no local data for @rollup/rollup-win32-x64-msvc@https://registry.npmjs.org/@rollup/rollup-win32-x64-msvc/-/rollup-win32-x64-msvc-4.53.3.tgz. Extracting by manifest.
453 silly tarball no local data for @rollup/rollup-win32-x64-gnu@https://registry.npmjs.org/@rollup/rollup-win32-x64-gnu/-/rollup-win32-x64-gnu-4.53.3.tgz. Extracting by manifest.
454 silly tarball no local data for source-map-js@https://registry.npmjs.org/source-map-js/-/source-map-js-1.2.1.tgz. Extracting by manifest.
455 silly tarball no local data for @esbuild/win32-x64@https://registry.npmjs.org/@esbuild/win32-x64/-/win32-x64-0.21.5.tgz. Extracting by manifest.
456 silly tarball no local data for picocolors@https://registry.npmjs.org/picocolors/-/picocolors-1.1.1.tgz. Extracting by manifest.
457 silly tarball no local data for postcss@https://registry.npmjs.org/postcss/-/postcss-8.5.6.tgz. Extracting by manifest.
458 silly tarball no local data for rollup@https://registry.npmjs.org/rollup/-/rollup-4.53.3.tgz. Extracting by manifest.
459 silly tarball no local data for nanoid@https://registry.npmjs.org/nanoid/-/nanoid-3.3.11.tgz. Extracting by manifest.
460 silly tarball no local data for esbuild@https://registry.npmjs.org/esbuild/-/esbuild-0.21.5.tgz. Extracting by manifest.
461 silly tarball no local data for scheduler@https://registry.npmjs.org/scheduler/-/scheduler-0.23.2.tgz. Extracting by manifest.
462 silly tarball no local data for js-tokens@https://registry.npmjs.org/js-tokens/-/js-tokens-4.0.0.tgz. Extracting by manifest.
463 silly tarball no local data for @types/prop-types@https://registry.npmjs.org/@types/prop-types/-/prop-types-15.7.15.tgz. Extracting by manifest.
464 silly tarball no local data for loose-envify@https://registry.npmjs.org/loose-envify/-/loose-envify-1.4.0.tgz. Extracting by manifest.
465 silly tarball no local data for csstype@https://registry.npmjs.org/csstype/-/csstype-3.2.3.tgz. Extracting by manifest.
466 silly tarball no local data for vite@https://registry.npmjs.org/vite/-/vite-5.4.21.tgz. Extracting by manifest.
467 silly tarball no local data for @types/react-dom@https://registry.npmjs.org/@types/react-dom/-/react-dom-18.3.7.tgz. Extracting by manifest.
468 silly tarball no local data for react-dom@https://registry.npmjs.org/react-dom/-/react-dom-18.3.1.tgz. Extracting by manifest.
469 silly tarball no local data for typescript@https://registry.npmjs.org/typescript/-/typescript-5.9.3.tgz. Extracting by manifest.
470 silly tarball no local data for react@https://registry.npmjs.org/react/-/react-18.3.1.tgz. Extracting by manifest.
471 silly tarball no local data for @types/react@https://registry.npmjs.org/@types/react/-/react-18.3.27.tgz. Extracting by manifest.
472 http fetch GET 200 https://registry.npmjs.org/@types/estree/-/estree-1.0.8.tgz 173ms (cache miss)
473 http fetch GET 200 https://registry.npmjs.org/picocolors/-/picocolors-1.1.1.tgz 175ms (cache miss)
474 timing reifyNode:node_modules/@types/estree Completed in 202ms
475 http fetch GET 200 https://registry.npmjs.org/@types/prop-types/-/prop-types-15.7.15.tgz 175ms (cache miss)
476 timing reifyNode:node_modules/@types/prop-types Completed in 203ms
477 timing reifyNode:node_modules/picocolors Completed in 208ms
478 http fetch GET 200 https://registry.npmjs.org/js-tokens/-/js-tokens-4.0.0.tgz 186ms (cache miss)
479 timing reifyNode:node_modules/js-tokens Completed in 214ms
480 http fetch GET 200 https://registry.npmjs.org/esbuild/-/esbuild-0.21.5.tgz 207ms (cache miss)
481 timing reifyNode:node_modules/esbuild Completed in 233ms
482 http fetch GET 200 https://registry.npmjs.org/scheduler/-/scheduler-0.23.2.tgz 220ms (cache miss)
483 http fetch GET 200 https://registry.npmjs.org/source-map-js/-/source-map-js-1.2.1.tgz 227ms (cache miss)
484 timing reifyNode:node_modules/scheduler Completed in 247ms
485 timing reifyNode:node_modules/source-map-js Completed in 249ms
486 http fetch GET 200 https://registry.npmjs.org/nanoid/-/nanoid-3.3.11.tgz 230ms (cache miss)
487 timing reifyNode:node_modules/nanoid Completed in 255ms
488 http fetch POST 200 https://registry.npmjs.org/-/npm/v1/security/advisories/bulk 287ms
489 timing auditReport:getReport Completed in 291ms
490 silly audit report {
490 silly audit report   esbuild: [
490 silly audit report     {
490 silly audit report       id: 1102341,
490 silly audit report       url: 'https://github.com/advisories/GHSA-67mh-4wv8-2f99',
490 silly audit report       title: 'esbuild enables any website to send any requests to the development server and read the response',
490 silly audit report       severity: 'moderate',
490 silly audit report       vulnerable_versions: '<=0.24.2',
490 silly audit report       cwe: [Array],
490 silly audit report       cvss: [Object]
490 silly audit report     }
490 silly audit report   ]
490 silly audit report }
491 timing metavuln:packument:esbuild Completed in 1ms
492 timing metavuln:cache:get:security-advisory:esbuild:jKdCIzePj7J1488qgRXvF8Srh9wutSuR1exB8YooNX62hT+qhtrUXYbArLNoIhgwbaCqKpmduh18syZU7BR9SA== Completed in 1ms
493 timing metavuln:load:security-advisory:esbuild:1102341 Completed in 8ms
494 http fetch GET 200 https://registry.npmjs.org/postcss/-/postcss-8.5.6.tgz 275ms (cache miss)
495 timing reifyNode:node_modules/postcss Completed in 298ms
496 timing metavuln:cache:put:security-advisory:esbuild:jKdCIzePj7J1488qgRXvF8Srh9wutSuR1exB8YooNX62hT+qhtrUXYbArLNoIhgwbaCqKpmduh18syZU7BR9SA== Completed in 6ms
497 timing metavuln:calculate:security-advisory:esbuild:1102341 Completed in 16ms
498 timing metavuln:packument:vite Completed in 1ms
499 timing metavuln:cache:get:security-advisory:vite:tMBsdAS7JBTyRORp0YaJR984WAAsOxgmReSLBN0Nd41GhzEakjROICqAJ31iOdYG5Ijo/MlJ01p3ig1iN88+Tw== Completed in 1ms
500 timing metavuln:load:security-advisory:vite:jKdCIzePj7J1488qgRXvF8Srh9wutSuR1exB8YooNX62hT+qhtrUXYbArLNoIhgwbaCqKpmduh18syZU7BR9SA== Completed in 61ms
501 timing metavuln:cache:put:security-advisory:vite:tMBsdAS7JBTyRORp0YaJR984WAAsOxgmReSLBN0Nd41GhzEakjROICqAJ31iOdYG5Ijo/MlJ01p3ig1iN88+Tw== Completed in 9ms
502 timing metavuln:calculate:security-advisory:vite:jKdCIzePj7J1488qgRXvF8Srh9wutSuR1exB8YooNX62hT+qhtrUXYbArLNoIhgwbaCqKpmduh18syZU7BR9SA== Completed in 72ms
503 timing auditReport:init Completed in 102ms
504 timing reify:audit Completed in 395ms
505 http fetch GET 200 https://registry.npmjs.org/loose-envify/-/loose-envify-1.4.0.tgz 968ms (cache miss)
506 timing reifyNode:node_modules/loose-envify Completed in 996ms
507 http fetch GET 200 https://registry.npmjs.org/react/-/react-18.3.1.tgz 1043ms (cache miss)
508 timing reifyNode:node_modules/react Completed in 1074ms
509 http fetch GET 200 https://registry.npmjs.org/rollup/-/rollup-4.53.3.tgz 1092ms (cache miss)
510 timing reifyNode:node_modules/rollup Completed in 1115ms
511 http fetch GET 200 https://registry.npmjs.org/@rollup/rollup-win32-x64-msvc/-/rollup-win32-x64-msvc-4.53.3.tgz 1192ms (cache miss)
512 timing reifyNode:node_modules/@rollup/rollup-win32-x64-msvc Completed in 1214ms
513 http fetch GET 200 https://registry.npmjs.org/@types/react/-/react-18.3.27.tgz 1362ms (cache miss)
514 timing reifyNode:node_modules/@types/react Completed in 1396ms
515 http fetch GET 200 https://registry.npmjs.org/csstype/-/csstype-3.2.3.tgz 1441ms (cache miss)
516 timing reifyNode:node_modules/csstype Completed in 1469ms
517 http fetch GET 200 https://registry.npmjs.org/@esbuild/win32-x64/-/win32-x64-0.21.5.tgz 1451ms (cache miss)
518 timing reifyNode:node_modules/@esbuild/win32-x64 Completed in 1474ms
519 http fetch GET 200 https://registry.npmjs.org/@types/react-dom/-/react-dom-18.3.7.tgz 1502ms (cache miss)
520 timing reifyNode:node_modules/@types/react-dom Completed in 1531ms
521 http fetch GET 200 https://registry.npmjs.org/vite/-/vite-5.4.21.tgz 1508ms (cache miss)
522 timing reifyNode:node_modules/vite Completed in 1538ms
523 http fetch GET 200 https://registry.npmjs.org/@rollup/rollup-win32-x64-gnu/-/rollup-win32-x64-gnu-4.53.3.tgz 2368ms (cache miss)
524 timing reifyNode:node_modules/@rollup/rollup-win32-x64-gnu Completed in 2390ms
525 http fetch GET 200 https://registry.npmjs.org/react-dom/-/react-dom-18.3.1.tgz 2601ms (cache miss)
526 timing reifyNode:node_modules/react-dom Completed in 2632ms
527 http fetch GET 200 https://registry.npmjs.org/typescript/-/typescript-5.9.3.tgz 2939ms (cache miss)
528 timing reifyNode:node_modules/typescript Completed in 2971ms
529 timing reify:unpack Completed in 2974ms
530 timing reify:unretire Completed in 1ms
531 timing build:queue Completed in 27ms
532 timing build:link:node_modules/loose-envify Completed in 64ms
533 timing build:link:node_modules/nanoid Completed in 65ms
534 timing build:link:node_modules/rollup Completed in 65ms
535 timing build:link:node_modules/esbuild Completed in 66ms
536 timing build:link:node_modules/typescript Completed in 68ms
537 timing build:link:node_modules/vite Completed in 70ms
538 timing build:link Completed in 72ms
539 info run esbuild@0.21.5 postinstall node_modules/esbuild node install.js
540 info run esbuild@0.21.5 postinstall { code: 0, signal: null }
541 timing build:run:postinstall:node_modules/esbuild Completed in 599ms
542 timing build:run:postinstall Completed in 601ms
543 timing build:deps Completed in 700ms
544 timing build Completed in 700ms
545 timing reify:build Completed in 700ms
546 timing reify:trash Completed in 3ms
547 timing reify:save Completed in 21ms
548 timing reify Completed in 8909ms
549 silly ADD node_modules/@types/estree
550 silly ADD node_modules/@rollup/rollup-win32-x64-msvc
551 silly ADD node_modules/@rollup/rollup-win32-x64-gnu
552 silly ADD
553 silly ADD
554 silly ADD
555 silly ADD
556 silly ADD
557 silly ADD
558 silly ADD
559 silly ADD
560 silly ADD
561 silly ADD
562 silly ADD
563 silly ADD
564 silly ADD
565 silly ADD
566 silly ADD
567 silly ADD
568 silly ADD
569 silly ADD
570 silly ADD
571 silly ADD
572 silly ADD node_modules/source-map-js
573 silly ADD node_modules/picocolors
574 silly ADD node_modules/nanoid
575 silly ADD node_modules/@esbuild/win32-x64
576 silly ADD
577 silly ADD
578 silly ADD
579 silly ADD
580 silly ADD
581 silly ADD
582 silly ADD
583 silly ADD
584 silly ADD
585 silly ADD
586 silly ADD
587 silly ADD
588 silly ADD
589 silly ADD
590 silly ADD
591 silly ADD
592 silly ADD
593 silly ADD
594 silly ADD
595 silly ADD
596 silly ADD
597 silly ADD
598 silly ADD node_modules/rollup
599 silly ADD node_modules/postcss
600 silly ADD
601 silly ADD node_modules/esbuild
602 silly ADD node_modules/scheduler
603 silly ADD node_modules/js-tokens
604 silly ADD node_modules/loose-envify
605 silly ADD node_modules/csstype
606 silly ADD node_modules/@types/prop-types
607 silly ADD node_modules/vite
608 silly ADD node_modules/typescript
609 silly ADD node_modules/react-dom
610 silly ADD node_modules/react
611 silly ADD node_modules/@types/react-dom
612 silly ADD node_modules/@types/react
613 timing command:install Completed in 8924ms
614 notice
614 notice New [31mmajor[39m version of npm available! [31m10.2.3[39m -> [32m11.6.4[39m
614 notice Changelog: [36mhttps://github.com/npm/cli/releases/tag/v11.6.4[39m
614 notice Run [32mnpm install -g npm@11.6.4[39m to update!
614 notice
615 verbose exit 0
616 timing npm Completed in 9262ms
617 info ok
