0 verbose cli D:\nodejs\node.exe D:\nodejs\node_modules\npm\bin\npm-cli.js
1 info using npm@10.2.3
2 info using node@v18.19.0
3 timing npm:load:whichnode Completed in 1ms
4 timing config:load:defaults Completed in 1ms
5 timing config:load:file:D:\nodejs\node_modules\npm\npmrc Completed in 3ms
6 timing config:load:builtin Completed in 3ms
7 timing config:load:cli Completed in 2ms
8 timing config:load:env Completed in 1ms
9 timing config:load:file:E:\Annotation2\annotation2-ui\.npmrc Completed in 1ms
10 timing config:load:project Completed in 1ms
11 timing config:load:file:C:\Users\30894\.npmrc Completed in 0ms
12 timing config:load:user Completed in 0ms
13 timing config:load:file:D:\nodejs\node_global\etc\npmrc Completed in 1ms
14 timing config:load:global Completed in 1ms
15 timing config:load:setEnvs Completed in 0ms
16 timing config:load Completed in 10ms
17 timing npm:load:configload Completed in 10ms
18 timing config:load:flatten Completed in 2ms
19 timing npm:load:mkdirpcache Completed in 0ms
20 timing npm:load:mkdirplogs Completed in 1ms
21 verbose title npm install
22 verbose argv "install" "--cache" "./.npm-cache"
23 timing npm:load:setTitle Completed in 1ms
24 timing npm:load:display Completed in 0ms
25 verbose logfile logs-max:10 dir:E:\Annotation2\annotation2-ui\.npm-cache\_logs\2025-11-28T08_07_28_182Z-
26 verbose logfile E:\Annotation2\annotation2-ui\.npm-cache\_logs\2025-11-28T08_07_28_182Z-debug-0.log
27 timing npm:load:logFile Completed in 8ms
28 timing npm:load:timers Completed in 0ms
29 timing npm:load:configScope Completed in 0ms
30 timing npm:load Completed in 46ms
31 timing arborist:ctor Completed in 0ms
32 silly logfile done cleaning log files
33 timing idealTree:init Completed in 33ms
34 timing idealTree:userRequests Completed in 0ms
35 silly idealTree buildDeps
36 silly fetch manifest @vitejs/plugin-react@^4.3.1
37 timing arborist:ctor Completed in 0ms
38 http fetch GET 200 https://registry.npmjs.org/@vitejs%2fplugin-react 394ms (cache miss)
39 silly fetch manifest vite@^5.0.10
40 http fetch GET 200 https://registry.npmjs.org/vite 14ms (cache hit)
41 silly fetch manifest @types/node@^18.0.0 || >=20.0.0
42 http fetch GET 200 https://registry.npmjs.org/@types%2fnode 9ms (cache hit)
43 silly fetch manifest less@*
44 http fetch GET 200 https://registry.npmjs.org/less 5ms (cache hit)
45 silly fetch manifest lightningcss@^1.21.0
46 http fetch GET 200 https://registry.npmjs.org/lightningcss 5ms (cache hit)
47 silly fetch manifest sass@*
48 http fetch GET 200 https://registry.npmjs.org/sass 8ms (cache hit)
49 silly fetch manifest sass-embedded@*
50 http fetch GET 200 https://registry.npmjs.org/sass-embedded 3ms (cache hit)
51 silly fetch manifest stylus@*
52 http fetch GET 200 https://registry.npmjs.org/stylus 4ms (cache hit)
53 silly fetch manifest sugarss@*
54 http fetch GET 200 https://registry.npmjs.org/sugarss 3ms (cache hit)
55 silly fetch manifest postcss@^8.3.3
56 http fetch GET 200 https://registry.npmjs.org/postcss 3ms (cache hit)
57 silly fetch manifest terser@^5.4.0
58 http fetch GET 200 https://registry.npmjs.org/terser 4ms (cache hit)
59 silly placeDep ROOT @vitejs/plugin-react@4.7.0 OK for: annotation2-ui@0.0.1 want: ^4.3.1
60 silly fetch manifest @babel/core@^7.28.0
61 silly fetch manifest react-refresh@^0.17.0
62 silly fetch manifest @types/babel__core@^7.20.5
63 silly fetch manifest @rolldown/pluginutils@1.0.0-beta.27
64 silly fetch manifest @babel/plugin-transform-react-jsx-self@^7.27.1
65 silly fetch manifest @babel/plugin-transform-react-jsx-source@^7.27.1
66 http fetch GET 200 https://registry.npmjs.org/@babel%2fcore 117ms (cache miss)
67 http fetch GET 200 https://registry.npmjs.org/@types%2fbabel__core 308ms (cache miss)
68 http fetch GET 200 https://registry.npmjs.org/@rolldown%2fpluginutils 324ms (cache miss)
69 http fetch GET 200 https://registry.npmjs.org/@babel%2fplugin-transform-react-jsx-self 355ms (cache miss)
70 http fetch GET 200 https://registry.npmjs.org/@babel%2fplugin-transform-react-jsx-source 376ms (cache miss)
71 http fetch GET 200 https://registry.npmjs.org/react-refresh 676ms (cache miss)
72 timing idealTree:#root Completed in 1227ms
73 silly placeDep ROOT @babel/core@7.28.5 OK for: @vitejs/plugin-react@4.7.0 want: ^7.28.0
74 silly fetch manifest @babel/code-frame@^7.27.1
75 silly fetch manifest @babel/generator@^7.28.5
76 silly fetch manifest @babel/helper-compilation-targets@^7.27.2
77 silly fetch manifest @babel/helper-module-transforms@^7.28.3
78 silly fetch manifest @babel/helpers@^7.28.4
79 silly fetch manifest @babel/parser@^7.28.5
80 silly fetch manifest @babel/template@^7.27.2
81 silly fetch manifest @babel/traverse@^7.28.5
82 silly fetch manifest @babel/types@^7.28.5
83 silly fetch manifest @jridgewell/remapping@^2.3.5
84 silly fetch manifest convert-source-map@^2.0.0
85 silly fetch manifest debug@^4.1.0
86 silly fetch manifest gensync@^1.0.0-beta.2
87 silly fetch manifest json5@^2.2.3
88 silly fetch manifest semver@^6.3.1
89 silly placeDep ROOT @babel/plugin-transform-react-jsx-self@7.27.1 OK for: @vitejs/plugin-react@4.7.0 want: ^7.27.1
90 silly fetch manifest @babel/helper-plugin-utils@^7.27.1
91 silly placeDep ROOT @babel/plugin-transform-react-jsx-source@7.27.1 OK for: @vitejs/plugin-react@4.7.0 want: ^7.27.1
92 silly placeDep ROOT @rolldown/pluginutils@1.0.0-beta.27 OK for: @vitejs/plugin-react@4.7.0 want: 1.0.0-beta.27
93 silly placeDep ROOT @types/babel__core@7.20.5 OK for: @vitejs/plugin-react@4.7.0 want: ^7.20.5
94 silly fetch manifest @babel/types@^7.20.7
95 silly fetch manifest @babel/parser@^7.20.7
96 silly fetch manifest @types/babel__template@*
97 silly fetch manifest @types/babel__traverse@*
98 silly fetch manifest @types/babel__generator@*
99 silly placeDep ROOT react-refresh@0.17.0 OK for: @vitejs/plugin-react@4.7.0 want: ^0.17.0
100 http fetch GET 200 https://registry.npmjs.org/@babel%2fcode-frame 139ms (cache miss)
101 http fetch GET 200 https://registry.npmjs.org/@babel%2fhelper-module-transforms 148ms (cache miss)
102 http fetch GET 200 https://registry.npmjs.org/@babel%2fhelper-compilation-targets 160ms (cache miss)
103 http fetch GET 200 https://registry.npmjs.org/@babel%2fparser 174ms (cache miss)
104 http fetch GET 200 https://registry.npmjs.org/@babel%2fgenerator 193ms (cache miss)
105 http fetch GET 200 https://registry.npmjs.org/@babel%2fhelpers 196ms (cache miss)
106 http fetch GET 200 https://registry.npmjs.org/@babel%2fhelper-plugin-utils 379ms (cache miss)
107 http fetch GET 200 https://registry.npmjs.org/semver 382ms (cache miss)
108 http fetch GET 200 https://registry.npmjs.org/@types%2fbabel__template 395ms (cache miss)
109 http fetch GET 200 https://registry.npmjs.org/gensync 404ms (cache miss)
110 http fetch GET 200 https://registry.npmjs.org/convert-source-map 410ms (cache miss)
111 http fetch GET 200 https://registry.npmjs.org/json5 410ms (cache miss)
112 http fetch GET 200 https://registry.npmjs.org/@types%2fbabel__generator 404ms (cache miss)
113 http fetch GET 200 https://registry.npmjs.org/@jridgewell%2fremapping 417ms (cache miss)
114 http fetch GET 200 https://registry.npmjs.org/@types%2fbabel__traverse 409ms (cache miss)
115 http fetch GET 200 https://registry.npmjs.org/@babel%2ftemplate 440ms (cache miss)
116 http fetch GET 200 https://registry.npmjs.org/debug 435ms (cache miss)
117 http fetch GET 200 https://registry.npmjs.org/@babel%2ftypes 449ms (cache miss)
118 http fetch GET 200 https://registry.npmjs.org/@babel%2ftraverse 452ms (cache miss)
119 http fetch GET 200 https://registry.npmjs.org/@babel%2fparser 451ms (cache miss)
120 http fetch GET 200 https://registry.npmjs.org/@babel%2ftypes 457ms (cache miss)
121 timing idealTree:node_modules/@vitejs/plugin-react Completed in 482ms
122 silly fetch manifest @babel/core@^7.0.0
123 silly placeDep ROOT @babel/code-frame@7.27.1 OK for: @babel/core@7.28.5 want: ^7.27.1
124 silly fetch manifest @babel/helper-validator-identifier@^7.27.1
125 silly placeDep ROOT @babel/generator@7.28.5 OK for: @babel/core@7.28.5 want: ^7.28.5
126 silly fetch manifest @jridgewell/gen-mapping@^0.3.12
127 silly fetch manifest @jridgewell/trace-mapping@^0.3.28
128 silly fetch manifest jsesc@^3.0.2
129 silly placeDep ROOT @babel/helper-compilation-targets@7.27.2 OK for: @babel/core@7.28.5 want: ^7.27.2
130 silly fetch manifest lru-cache@^5.1.1
131 silly fetch manifest browserslist@^4.24.0
132 silly fetch manifest @babel/compat-data@^7.27.2
133 silly fetch manifest @babel/helper-validator-option@^7.27.1
134 silly placeDep ROOT @babel/helper-module-transforms@7.28.3 OK for: @babel/core@7.28.5 want: ^7.28.3
135 silly fetch manifest @babel/traverse@^7.28.3
136 silly fetch manifest @babel/helper-module-imports@^7.27.1
137 silly placeDep ROOT @babel/helpers@7.28.4 OK for: @babel/core@7.28.5 want: ^7.28.4
138 silly fetch manifest @babel/types@^7.28.4
139 silly placeDep ROOT @babel/parser@7.28.5 OK for: @babel/core@7.28.5 want: ^7.28.5
140 silly placeDep ROOT @babel/template@7.27.2 OK for: @babel/core@7.28.5 want: ^7.27.2
141 silly fetch manifest @babel/types@^7.27.1
142 silly placeDep ROOT @babel/traverse@7.28.5 OK for: @babel/core@7.28.5 want: ^7.28.5
143 silly fetch manifest @babel/helper-globals@^7.28.0
144 silly fetch manifest debug@^4.3.1
145 silly placeDep ROOT @babel/types@7.28.5 OK for: @babel/core@7.28.5 want: ^7.28.5
146 silly fetch manifest @babel/helper-string-parser@^7.27.1
147 silly fetch manifest @babel/helper-validator-identifier@^7.28.5
148 silly placeDep ROOT @jridgewell/remapping@2.3.5 OK for: @babel/core@7.28.5 want: ^2.3.5
149 silly fetch manifest @jridgewell/gen-mapping@^0.3.5
150 silly fetch manifest @jridgewell/trace-mapping@^0.3.24
151 silly placeDep ROOT convert-source-map@2.0.0 OK for: @babel/core@7.28.5 want: ^2.0.0
152 silly placeDep ROOT debug@4.4.3 OK for: @babel/core@7.28.5 want: ^4.1.0
153 silly fetch manifest ms@^2.1.3
154 silly placeDep ROOT gensync@1.0.0-beta.2 OK for: @babel/core@7.28.5 want: ^1.0.0-beta.2
155 silly placeDep ROOT json5@2.2.3 OK for: @babel/core@7.28.5 want: ^2.2.3
156 silly placeDep ROOT semver@6.3.1 OK for: @babel/core@7.28.5 want: ^6.3.1
157 http fetch GET 200 https://registry.npmjs.org/jsesc 142ms (cache miss)
158 http fetch GET 200 https://registry.npmjs.org/ms 127ms (cache miss)
159 http fetch GET 200 https://registry.npmjs.org/@jridgewell%2ftrace-mapping 146ms (cache miss)
160 http fetch GET 200 https://registry.npmjs.org/@babel%2fhelper-validator-identifier 169ms (cache miss)
161 http fetch GET 200 https://registry.npmjs.org/@babel%2fhelper-string-parser 160ms (cache miss)
162 http fetch GET 200 https://registry.npmjs.org/@jridgewell%2fgen-mapping 175ms (cache miss)
163 http fetch GET 200 https://registry.npmjs.org/lru-cache 179ms (cache miss)
164 http fetch GET 200 https://registry.npmjs.org/browserslist 184ms (cache miss)
165 http fetch GET 200 https://registry.npmjs.org/@babel%2fhelper-globals 178ms (cache miss)
166 http fetch GET 200 https://registry.npmjs.org/@jridgewell%2fgen-mapping 176ms (cache miss)
167 http fetch GET 200 https://registry.npmjs.org/@jridgewell%2ftrace-mapping 190ms (cache miss)
168 http fetch GET 200 https://registry.npmjs.org/@babel%2fhelper-validator-identifier 195ms (cache miss)
169 http fetch GET 200 https://registry.npmjs.org/@babel%2fhelper-validator-option 207ms (cache miss)
170 http fetch GET 200 https://registry.npmjs.org/@babel%2fhelper-module-imports 206ms (cache miss)
171 http fetch GET 200 https://registry.npmjs.org/@babel%2fcompat-data 211ms (cache miss)
172 timing idealTree:node_modules/@babel/core Completed in 227ms
173 silly placeDep ROOT @babel/helper-validator-identifier@7.28.5 OK for: @babel/code-frame@7.27.1 want: ^7.27.1
174 timing idealTree:node_modules/@babel/code-frame Completed in 3ms
175 silly placeDep ROOT @jridgewell/gen-mapping@0.3.13 OK for: @babel/generator@7.28.5 want: ^0.3.12
176 silly fetch manifest @jridgewell/sourcemap-codec@^1.5.0
177 silly placeDep ROOT @jridgewell/trace-mapping@0.3.31 OK for: @babel/generator@7.28.5 want: ^0.3.28
178 silly fetch manifest @jridgewell/resolve-uri@^3.1.0
179 silly fetch manifest @jridgewell/sourcemap-codec@^1.4.14
180 silly placeDep ROOT jsesc@3.1.0 OK for: @babel/generator@7.28.5 want: ^3.0.2
181 http fetch GET 200 https://registry.npmjs.org/@jridgewell%2fsourcemap-codec 120ms (cache miss)
182 http fetch GET 200 https://registry.npmjs.org/@jridgewell%2fresolve-uri 118ms (cache miss)
183 http fetch GET 200 https://registry.npmjs.org/@jridgewell%2fsourcemap-codec 126ms (cache miss)
184 timing idealTree:node_modules/@babel/generator Completed in 134ms
185 silly placeDep ROOT @babel/compat-data@7.28.5 OK for: @babel/helper-compilation-targets@7.27.2 want: ^7.27.2
186 silly placeDep ROOT @babel/helper-validator-option@7.27.1 OK for: @babel/helper-compilation-targets@7.27.2 want: ^7.27.1
187 silly placeDep ROOT browserslist@4.28.0 OK for: @babel/helper-compilation-targets@7.27.2 want: ^4.24.0
188 silly fetch manifest baseline-browser-mapping@^2.8.25
189 silly fetch manifest caniuse-lite@^1.0.30001754
190 silly fetch manifest electron-to-chromium@^1.5.249
191 silly fetch manifest node-releases@^2.0.27
192 silly fetch manifest update-browserslist-db@^1.1.4
193 silly placeDep ROOT lru-cache@5.1.1 OK for: @babel/helper-compilation-targets@7.27.2 want: ^5.1.1
194 silly fetch manifest yallist@^3.0.2
195 http fetch GET 200 https://registry.npmjs.org/node-releases 96ms (cache miss)
196 http fetch GET 200 https://registry.npmjs.org/yallist 112ms (cache miss)
197 http fetch GET 200 https://registry.npmjs.org/update-browserslist-db 116ms (cache miss)
198 http fetch GET 200 https://registry.npmjs.org/baseline-browser-mapping 133ms (cache miss)
199 http fetch GET 200 https://registry.npmjs.org/caniuse-lite 220ms (cache miss)
200 http fetch GET 200 https://registry.npmjs.org/electron-to-chromium 299ms (cache miss)
201 timing idealTree:node_modules/@babel/helper-compilation-targets Completed in 317ms
202 timing idealTree:node_modules/@babel/compat-data Completed in 0ms
203 silly placeDep ROOT @babel/helper-module-imports@7.27.1 OK for: @babel/helper-module-transforms@7.28.3 want: ^7.27.1
204 timing idealTree:node_modules/@babel/helper-module-transforms Completed in 2ms
205 timing idealTree:node_modules/@babel/helper-module-imports Completed in 0ms
206 timing idealTree:node_modules/@babel/helper-validator-identifier Completed in 0ms
207 timing idealTree:node_modules/@babel/helper-validator-option Completed in 0ms
208 timing idealTree:node_modules/@babel/helpers Completed in 0ms
209 timing idealTree:node_modules/@babel/parser Completed in 0ms
210 silly placeDep ROOT @babel/helper-plugin-utils@7.27.1 OK for: @babel/plugin-transform-react-jsx-self@7.27.1 want: ^7.27.1
211 timing idealTree:node_modules/@babel/plugin-transform-react-jsx-self Completed in 2ms
212 timing idealTree:node_modules/@babel/helper-plugin-utils Completed in 0ms
213 timing idealTree:node_modules/@babel/plugin-transform-react-jsx-source Completed in 0ms
214 timing idealTree:node_modules/@babel/template Completed in 0ms
215 silly placeDep ROOT @babel/helper-globals@7.28.0 OK for: @babel/traverse@7.28.5 want: ^7.28.0
216 timing idealTree:node_modules/@babel/traverse Completed in 2ms
217 timing idealTree:node_modules/@babel/helper-globals Completed in 0ms
218 silly placeDep ROOT @babel/helper-string-parser@7.27.1 OK for: @babel/types@7.28.5 want: ^7.27.1
219 timing idealTree:node_modules/@babel/types Completed in 2ms
220 timing idealTree:node_modules/@babel/helper-string-parser Completed in 0ms
221 silly placeDep ROOT @jridgewell/sourcemap-codec@1.5.5 OK for: @jridgewell/gen-mapping@0.3.13 want: ^1.5.0
222 timing idealTree:node_modules/@jridgewell/gen-mapping Completed in 1ms
223 timing idealTree:node_modules/@jridgewell/remapping Completed in 0ms
224 timing idealTree:node_modules/@jridgewell/sourcemap-codec Completed in 0ms
225 silly placeDep ROOT @jridgewell/resolve-uri@3.1.2 OK for: @jridgewell/trace-mapping@0.3.31 want: ^3.1.0
226 timing idealTree:node_modules/@jridgewell/trace-mapping Completed in 2ms
227 timing idealTree:node_modules/@jridgewell/resolve-uri Completed in 0ms
228 timing idealTree:node_modules/@rolldown/pluginutils Completed in 0ms
229 silly placeDep ROOT @types/babel__generator@7.27.0 OK for: @types/babel__core@7.20.5 want: *
230 silly placeDep ROOT @types/babel__template@7.4.4 OK for: @types/babel__core@7.20.5 want: *
231 silly placeDep ROOT @types/babel__traverse@7.28.0 OK for: @types/babel__core@7.20.5 want: *
232 timing idealTree:node_modules/@types/babel__core Completed in 3ms
233 timing idealTree:node_modules/@types/babel__generator Completed in 0ms
234 timing idealTree:node_modules/@types/babel__template Completed in 0ms
235 timing idealTree:node_modules/@types/babel__traverse Completed in 0ms
236 silly fetch manifest browserslist@>= 4.21.0
237 silly placeDep ROOT baseline-browser-mapping@2.8.31 OK for: browserslist@4.28.0 want: ^2.8.25
238 silly placeDep ROOT caniuse-lite@1.0.30001757 OK for: browserslist@4.28.0 want: ^1.0.30001754
239 silly placeDep ROOT electron-to-chromium@1.5.262 OK for: browserslist@4.28.0 want: ^1.5.249
240 silly placeDep ROOT node-releases@2.0.27 OK for: browserslist@4.28.0 want: ^2.0.27
241 silly placeDep ROOT update-browserslist-db@1.1.4 OK for: browserslist@4.28.0 want: ^1.1.4
242 silly fetch manifest escalade@^3.2.0
243 http fetch GET 200 https://registry.npmjs.org/escalade 118ms (cache miss)
244 timing idealTree:node_modules/browserslist Completed in 125ms
245 timing idealTree:node_modules/baseline-browser-mapping Completed in 0ms
246 timing idealTree:node_modules/caniuse-lite Completed in 0ms
247 timing idealTree:node_modules/convert-source-map Completed in 0ms
248 silly placeDep ROOT ms@2.1.3 OK for: debug@4.4.3 want: ^2.1.3
249 timing idealTree:node_modules/debug Completed in 1ms
250 timing idealTree:node_modules/electron-to-chromium Completed in 0ms
251 timing idealTree:node_modules/gensync Completed in 1ms
252 timing idealTree:node_modules/jsesc Completed in 0ms
253 timing idealTree:node_modules/json5 Completed in 0ms
254 silly placeDep ROOT yallist@3.1.1 OK for: lru-cache@5.1.1 want: ^3.0.2
255 timing idealTree:node_modules/lru-cache Completed in 1ms
256 timing idealTree:node_modules/ms Completed in 0ms
257 timing idealTree:node_modules/node-releases Completed in 0ms
258 timing idealTree:node_modules/react-refresh Completed in 0ms
259 timing idealTree:node_modules/semver Completed in 0ms
260 silly placeDep ROOT escalade@3.2.0 OK for: update-browserslist-db@1.1.4 want: ^3.2.0
261 timing idealTree:node_modules/update-browserslist-db Completed in 2ms
262 timing idealTree:node_modules/escalade Completed in 0ms
263 timing idealTree:node_modules/yallist Completed in 0ms
264 timing idealTree:buildDeps Completed in 2536ms
265 timing idealTree:fixDepFlags Completed in 1ms
266 timing idealTree Completed in 2573ms
267 timing reify:loadTrees Completed in 2574ms
268 timing reify:diffTrees Completed in 4ms
269 silly reify moves {}
270 timing reify:retireShallow Completed in 1ms
271 timing reify:createSparse Completed in 12ms
272 timing reify:loadBundles Completed in 0ms
273 silly audit bulk request {
273 silly audit   '@esbuild/aix-ppc64': [ '0.21.5' ],
273 silly audit   '@esbuild/android-arm': [ '0.21.5' ],
273 silly audit   '@esbuild/android-arm64': [ '0.21.5' ],
273 silly audit   '@esbuild/android-x64': [ '0.21.5' ],
273 silly audit   '@esbuild/darwin-arm64': [ '0.21.5' ],
273 silly audit   '@esbuild/darwin-x64': [ '0.21.5' ],
273 silly audit   '@esbuild/freebsd-arm64': [ '0.21.5' ],
273 silly audit   '@esbuild/freebsd-x64': [ '0.21.5' ],
273 silly audit   '@esbuild/linux-arm': [ '0.21.5' ],
273 silly audit   '@esbuild/linux-arm64': [ '0.21.5' ],
273 silly audit   '@esbuild/linux-ia32': [ '0.21.5' ],
273 silly audit   '@esbuild/linux-loong64': [ '0.21.5' ],
273 silly audit   '@esbuild/linux-mips64el': [ '0.21.5' ],
273 silly audit   '@esbuild/linux-ppc64': [ '0.21.5' ],
273 silly audit   '@esbuild/linux-riscv64': [ '0.21.5' ],
273 silly audit   '@esbuild/linux-s390x': [ '0.21.5' ],
273 silly audit   '@esbuild/linux-x64': [ '0.21.5' ],
273 silly audit   '@esbuild/netbsd-x64': [ '0.21.5' ],
273 silly audit   '@esbuild/openbsd-x64': [ '0.21.5' ],
273 silly audit   '@esbuild/sunos-x64': [ '0.21.5' ],
273 silly audit   '@esbuild/win32-arm64': [ '0.21.5' ],
273 silly audit   '@esbuild/win32-ia32': [ '0.21.5' ],
273 silly audit   '@esbuild/win32-x64': [ '0.21.5' ],
273 silly audit   '@rollup/rollup-android-arm-eabi': [ '4.53.3' ],
273 silly audit   '@rollup/rollup-android-arm64': [ '4.53.3' ],
273 silly audit   '@rollup/rollup-darwin-arm64': [ '4.53.3' ],
273 silly audit   '@rollup/rollup-darwin-x64': [ '4.53.3' ],
273 silly audit   '@rollup/rollup-freebsd-arm64': [ '4.53.3' ],
273 silly audit   '@rollup/rollup-freebsd-x64': [ '4.53.3' ],
273 silly audit   '@rollup/rollup-linux-arm-gnueabihf': [ '4.53.3' ],
273 silly audit   '@rollup/rollup-linux-arm-musleabihf': [ '4.53.3' ],
273 silly audit   '@rollup/rollup-linux-arm64-gnu': [ '4.53.3' ],
273 silly audit   '@rollup/rollup-linux-arm64-musl': [ '4.53.3' ],
273 silly audit   '@rollup/rollup-linux-loong64-gnu': [ '4.53.3' ],
273 silly audit   '@rollup/rollup-linux-ppc64-gnu': [ '4.53.3' ],
273 silly audit   '@rollup/rollup-linux-riscv64-gnu': [ '4.53.3' ],
273 silly audit   '@rollup/rollup-linux-riscv64-musl': [ '4.53.3' ],
273 silly audit   '@rollup/rollup-linux-s390x-gnu': [ '4.53.3' ],
273 silly audit   '@rollup/rollup-linux-x64-gnu': [ '4.53.3' ],
273 silly audit   '@rollup/rollup-linux-x64-musl': [ '4.53.3' ],
273 silly audit   '@rollup/rollup-openharmony-arm64': [ '4.53.3' ],
273 silly audit   '@rollup/rollup-win32-arm64-msvc': [ '4.53.3' ],
273 silly audit   '@rollup/rollup-win32-ia32-msvc': [ '4.53.3' ],
273 silly audit   '@rollup/rollup-win32-x64-gnu': [ '4.53.3' ],
273 silly audit   '@rollup/rollup-win32-x64-msvc': [ '4.53.3' ],
273 silly audit   '@types/estree': [ '1.0.8' ],
273 silly audit   '@types/prop-types': [ '15.7.15' ],
273 silly audit   '@types/react': [ '18.3.27' ],
273 silly audit   '@types/react-dom': [ '18.3.7' ],
273 silly audit   csstype: [ '3.2.3' ],
273 silly audit   esbuild: [ '0.21.5' ],
273 silly audit   fsevents: [ '2.3.3' ],
273 silly audit   'js-tokens': [ '4.0.0' ],
273 silly audit   'loose-envify': [ '1.4.0' ],
273 silly audit   nanoid: [ '3.3.11' ],
273 silly audit   picocolors: [ '1.1.1' ],
273 silly audit   postcss: [ '8.5.6' ],
273 silly audit   react: [ '18.3.1' ],
273 silly audit   'react-dom': [ '18.3.1' ],
273 silly audit   rollup: [ '4.53.3' ],
273 silly audit   scheduler: [ '0.23.2' ],
273 silly audit   'source-map-js': [ '1.2.1' ],
273 silly audit   typescript: [ '5.9.3' ],
273 silly audit   vite: [ '5.4.21' ],
273 silly audit   '@vitejs/plugin-react': [ '4.7.0' ],
273 silly audit   '@babel/core': [ '7.28.5' ],
273 silly audit   '@babel/plugin-transform-react-jsx-self': [ '7.27.1' ],
273 silly audit   '@babel/plugin-transform-react-jsx-source': [ '7.27.1' ],
273 silly audit   '@rolldown/pluginutils': [ '1.0.0-beta.27' ],
273 silly audit   '@types/babel__core': [ '7.20.5' ],
273 silly audit   'react-refresh': [ '0.17.0' ],
273 silly audit   '@babel/code-frame': [ '7.27.1' ],
273 silly audit   '@babel/generator': [ '7.28.5' ],
273 silly audit   '@babel/helper-compilation-targets': [ '7.27.2' ],
273 silly audit   '@babel/helper-module-transforms': [ '7.28.3' ],
273 silly audit   '@babel/helpers': [ '7.28.4' ],
273 silly audit   '@babel/parser': [ '7.28.5' ],
273 silly audit   '@babel/template': [ '7.27.2' ],
273 silly audit   '@babel/traverse': [ '7.28.5' ],
273 silly audit   '@babel/types': [ '7.28.5' ],
273 silly audit   '@jridgewell/remapping': [ '2.3.5' ],
273 silly audit   'convert-source-map': [ '2.0.0' ],
273 silly audit   debug: [ '4.4.3' ],
273 silly audit   gensync: [ '1.0.0-beta.2' ],
273 silly audit   json5: [ '2.2.3' ],
273 silly audit   semver: [ '6.3.1' ],
273 silly audit   '@babel/helper-validator-identifier': [ '7.28.5' ],
273 silly audit   '@jridgewell/gen-mapping': [ '0.3.13' ],
273 silly audit   '@jridgewell/trace-mapping': [ '0.3.31' ],
273 silly audit   jsesc: [ '3.1.0' ],
273 silly audit   '@babel/compat-data': [ '7.28.5' ],
273 silly audit   '@babel/helper-validator-option': [ '7.27.1' ],
273 silly audit   browserslist: [ '4.28.0' ],
273 silly audit   'lru-cache': [ '5.1.1' ],
273 silly audit   '@babel/helper-module-imports': [ '7.27.1' ],
273 silly audit   '@babel/helper-plugin-utils': [ '7.27.1' ],
273 silly audit   '@babel/helper-globals': [ '7.28.0' ],
273 silly audit   '@babel/helper-string-parser': [ '7.27.1' ],
273 silly audit   '@jridgewell/sourcemap-codec': [ '1.5.5' ],
273 silly audit   '@jridgewell/resolve-uri': [ '3.1.2' ],
273 silly audit   '@types/babel__generator': [ '7.27.0' ],
273 silly audit   '@types/babel__template': [ '7.4.4' ],
273 silly audit   '@types/babel__traverse': [ '7.28.0' ],
273 silly audit   'baseline-browser-mapping': [ '2.8.31' ],
273 silly audit   'caniuse-lite': [ '1.0.30001757' ],
273 silly audit   'electron-to-chromium': [ '1.5.262' ],
273 silly audit   'node-releases': [ '2.0.27' ],
273 silly audit   'update-browserslist-db': [ '1.1.4' ],
273 silly audit   ms: [ '2.1.3' ],
273 silly audit   yallist: [ '3.1.1' ],
273 silly audit   escalade: [ '3.2.0' ]
273 silly audit }
274 verbose reify failed optional dependency E:\Annotation2\annotation2-ui\node_modules\fsevents
275 silly reify mark deleted [ 'E:\\Annotation2\\annotation2-ui\\node_modules\\fsevents' ]
276 verbose reify failed optional dependency E:\Annotation2\annotation2-ui\node_modules\@rollup\rollup-win32-ia32-msvc
277 silly reify mark deleted [
277 silly reify   'E:\\Annotation2\\annotation2-ui\\node_modules\\@rollup\\rollup-win32-ia32-msvc'
277 silly reify ]
278 verbose reify failed optional dependency E:\Annotation2\annotation2-ui\node_modules\@rollup\rollup-win32-arm64-msvc
279 silly reify mark deleted [
279 silly reify   'E:\\Annotation2\\annotation2-ui\\node_modules\\@rollup\\rollup-win32-arm64-msvc'
279 silly reify ]
280 verbose reify failed optional dependency E:\Annotation2\annotation2-ui\node_modules\@rollup\rollup-openharmony-arm64
281 silly reify mark deleted [
281 silly reify   'E:\\Annotation2\\annotation2-ui\\node_modules\\@rollup\\rollup-openharmony-arm64'
281 silly reify ]
282 verbose reify failed optional dependency E:\Annotation2\annotation2-ui\node_modules\@rollup\rollup-linux-x64-musl
283 silly reify mark deleted [
283 silly reify   'E:\\Annotation2\\annotation2-ui\\node_modules\\@rollup\\rollup-linux-x64-musl'
283 silly reify ]
284 verbose reify failed optional dependency E:\Annotation2\annotation2-ui\node_modules\@rollup\rollup-linux-x64-gnu
285 silly reify mark deleted [
285 silly reify   'E:\\Annotation2\\annotation2-ui\\node_modules\\@rollup\\rollup-linux-x64-gnu'
285 silly reify ]
286 verbose reify failed optional dependency E:\Annotation2\annotation2-ui\node_modules\@rollup\rollup-linux-s390x-gnu
287 silly reify mark deleted [
287 silly reify   'E:\\Annotation2\\annotation2-ui\\node_modules\\@rollup\\rollup-linux-s390x-gnu'
287 silly reify ]
288 verbose reify failed optional dependency E:\Annotation2\annotation2-ui\node_modules\@rollup\rollup-linux-riscv64-musl
289 silly reify mark deleted [
289 silly reify   'E:\\Annotation2\\annotation2-ui\\node_modules\\@rollup\\rollup-linux-riscv64-musl'
289 silly reify ]
290 verbose reify failed optional dependency E:\Annotation2\annotation2-ui\node_modules\@rollup\rollup-linux-riscv64-gnu
291 silly reify mark deleted [
291 silly reify   'E:\\Annotation2\\annotation2-ui\\node_modules\\@rollup\\rollup-linux-riscv64-gnu'
291 silly reify ]
292 verbose reify failed optional dependency E:\Annotation2\annotation2-ui\node_modules\@rollup\rollup-linux-ppc64-gnu
293 silly reify mark deleted [
293 silly reify   'E:\\Annotation2\\annotation2-ui\\node_modules\\@rollup\\rollup-linux-ppc64-gnu'
293 silly reify ]
294 verbose reify failed optional dependency E:\Annotation2\annotation2-ui\node_modules\@rollup\rollup-linux-loong64-gnu
295 silly reify mark deleted [
295 silly reify   'E:\\Annotation2\\annotation2-ui\\node_modules\\@rollup\\rollup-linux-loong64-gnu'
295 silly reify ]
296 verbose reify failed optional dependency E:\Annotation2\annotation2-ui\node_modules\@rollup\rollup-linux-arm64-musl
297 silly reify mark deleted [
297 silly reify   'E:\\Annotation2\\annotation2-ui\\node_modules\\@rollup\\rollup-linux-arm64-musl'
297 silly reify ]
298 verbose reify failed optional dependency E:\Annotation2\annotation2-ui\node_modules\@rollup\rollup-linux-arm64-gnu
299 silly reify mark deleted [
299 silly reify   'E:\\Annotation2\\annotation2-ui\\node_modules\\@rollup\\rollup-linux-arm64-gnu'
299 silly reify ]
300 verbose reify failed optional dependency E:\Annotation2\annotation2-ui\node_modules\@rollup\rollup-linux-arm-musleabihf
301 silly reify mark deleted [
301 silly reify   'E:\\Annotation2\\annotation2-ui\\node_modules\\@rollup\\rollup-linux-arm-musleabihf'
301 silly reify ]
302 verbose reify failed optional dependency E:\Annotation2\annotation2-ui\node_modules\@rollup\rollup-linux-arm-gnueabihf
303 silly reify mark deleted [
303 silly reify   'E:\\Annotation2\\annotation2-ui\\node_modules\\@rollup\\rollup-linux-arm-gnueabihf'
303 silly reify ]
304 verbose reify failed optional dependency E:\Annotation2\annotation2-ui\node_modules\@rollup\rollup-freebsd-x64
305 silly reify mark deleted [
305 silly reify   'E:\\Annotation2\\annotation2-ui\\node_modules\\@rollup\\rollup-freebsd-x64'
305 silly reify ]
306 verbose reify failed optional dependency E:\Annotation2\annotation2-ui\node_modules\@rollup\rollup-freebsd-arm64
307 silly reify mark deleted [
307 silly reify   'E:\\Annotation2\\annotation2-ui\\node_modules\\@rollup\\rollup-freebsd-arm64'
307 silly reify ]
308 verbose reify failed optional dependency E:\Annotation2\annotation2-ui\node_modules\@rollup\rollup-darwin-x64
309 silly reify mark deleted [
309 silly reify   'E:\\Annotation2\\annotation2-ui\\node_modules\\@rollup\\rollup-darwin-x64'
309 silly reify ]
310 verbose reify failed optional dependency E:\Annotation2\annotation2-ui\node_modules\@rollup\rollup-darwin-arm64
311 silly reify mark deleted [
311 silly reify   'E:\\Annotation2\\annotation2-ui\\node_modules\\@rollup\\rollup-darwin-arm64'
311 silly reify ]
312 verbose reify failed optional dependency E:\Annotation2\annotation2-ui\node_modules\@rollup\rollup-android-arm64
313 silly reify mark deleted [
313 silly reify   'E:\\Annotation2\\annotation2-ui\\node_modules\\@rollup\\rollup-android-arm64'
313 silly reify ]
314 verbose reify failed optional dependency E:\Annotation2\annotation2-ui\node_modules\@rollup\rollup-android-arm-eabi
315 silly reify mark deleted [
315 silly reify   'E:\\Annotation2\\annotation2-ui\\node_modules\\@rollup\\rollup-android-arm-eabi'
315 silly reify ]
316 verbose reify failed optional dependency E:\Annotation2\annotation2-ui\node_modules\@esbuild\win32-ia32
317 silly reify mark deleted [
317 silly reify   'E:\\Annotation2\\annotation2-ui\\node_modules\\@esbuild\\win32-ia32'
317 silly reify ]
318 verbose reify failed optional dependency E:\Annotation2\annotation2-ui\node_modules\@esbuild\win32-arm64
319 silly reify mark deleted [
319 silly reify   'E:\\Annotation2\\annotation2-ui\\node_modules\\@esbuild\\win32-arm64'
319 silly reify ]
320 verbose reify failed optional dependency E:\Annotation2\annotation2-ui\node_modules\@esbuild\sunos-x64
321 silly reify mark deleted [
321 silly reify   'E:\\Annotation2\\annotation2-ui\\node_modules\\@esbuild\\sunos-x64'
321 silly reify ]
322 verbose reify failed optional dependency E:\Annotation2\annotation2-ui\node_modules\@esbuild\openbsd-x64
323 silly reify mark deleted [
323 silly reify   'E:\\Annotation2\\annotation2-ui\\node_modules\\@esbuild\\openbsd-x64'
323 silly reify ]
324 verbose reify failed optional dependency E:\Annotation2\annotation2-ui\node_modules\@esbuild\netbsd-x64
325 silly reify mark deleted [
325 silly reify   'E:\\Annotation2\\annotation2-ui\\node_modules\\@esbuild\\netbsd-x64'
325 silly reify ]
326 verbose reify failed optional dependency E:\Annotation2\annotation2-ui\node_modules\@esbuild\linux-x64
327 silly reify mark deleted [
327 silly reify   'E:\\Annotation2\\annotation2-ui\\node_modules\\@esbuild\\linux-x64'
327 silly reify ]
328 verbose reify failed optional dependency E:\Annotation2\annotation2-ui\node_modules\@esbuild\linux-s390x
329 silly reify mark deleted [
329 silly reify   'E:\\Annotation2\\annotation2-ui\\node_modules\\@esbuild\\linux-s390x'
329 silly reify ]
330 verbose reify failed optional dependency E:\Annotation2\annotation2-ui\node_modules\@esbuild\linux-riscv64
331 silly reify mark deleted [
331 silly reify   'E:\\Annotation2\\annotation2-ui\\node_modules\\@esbuild\\linux-riscv64'
331 silly reify ]
332 verbose reify failed optional dependency E:\Annotation2\annotation2-ui\node_modules\@esbuild\linux-ppc64
333 silly reify mark deleted [
333 silly reify   'E:\\Annotation2\\annotation2-ui\\node_modules\\@esbuild\\linux-ppc64'
333 silly reify ]
334 verbose reify failed optional dependency E:\Annotation2\annotation2-ui\node_modules\@esbuild\linux-mips64el
335 silly reify mark deleted [
335 silly reify   'E:\\Annotation2\\annotation2-ui\\node_modules\\@esbuild\\linux-mips64el'
335 silly reify ]
336 verbose reify failed optional dependency E:\Annotation2\annotation2-ui\node_modules\@esbuild\linux-loong64
337 silly reify mark deleted [
337 silly reify   'E:\\Annotation2\\annotation2-ui\\node_modules\\@esbuild\\linux-loong64'
337 silly reify ]
338 verbose reify failed optional dependency E:\Annotation2\annotation2-ui\node_modules\@esbuild\linux-ia32
339 silly reify mark deleted [
339 silly reify   'E:\\Annotation2\\annotation2-ui\\node_modules\\@esbuild\\linux-ia32'
339 silly reify ]
340 verbose reify failed optional dependency E:\Annotation2\annotation2-ui\node_modules\@esbuild\linux-arm64
341 silly reify mark deleted [
341 silly reify   'E:\\Annotation2\\annotation2-ui\\node_modules\\@esbuild\\linux-arm64'
341 silly reify ]
342 verbose reify failed optional dependency E:\Annotation2\annotation2-ui\node_modules\@esbuild\linux-arm
343 silly reify mark deleted [
343 silly reify   'E:\\Annotation2\\annotation2-ui\\node_modules\\@esbuild\\linux-arm'
343 silly reify ]
344 verbose reify failed optional dependency E:\Annotation2\annotation2-ui\node_modules\@esbuild\freebsd-x64
345 silly reify mark deleted [
345 silly reify   'E:\\Annotation2\\annotation2-ui\\node_modules\\@esbuild\\freebsd-x64'
345 silly reify ]
346 verbose reify failed optional dependency E:\Annotation2\annotation2-ui\node_modules\@esbuild\freebsd-arm64
347 silly reify mark deleted [
347 silly reify   'E:\\Annotation2\\annotation2-ui\\node_modules\\@esbuild\\freebsd-arm64'
347 silly reify ]
348 verbose reify failed optional dependency E:\Annotation2\annotation2-ui\node_modules\@esbuild\darwin-x64
349 silly reify mark deleted [
349 silly reify   'E:\\Annotation2\\annotation2-ui\\node_modules\\@esbuild\\darwin-x64'
349 silly reify ]
350 verbose reify failed optional dependency E:\Annotation2\annotation2-ui\node_modules\@esbuild\darwin-arm64
351 silly reify mark deleted [
351 silly reify   'E:\\Annotation2\\annotation2-ui\\node_modules\\@esbuild\\darwin-arm64'
351 silly reify ]
352 verbose reify failed optional dependency E:\Annotation2\annotation2-ui\node_modules\@esbuild\android-x64
353 silly reify mark deleted [
353 silly reify   'E:\\Annotation2\\annotation2-ui\\node_modules\\@esbuild\\android-x64'
353 silly reify ]
354 verbose reify failed optional dependency E:\Annotation2\annotation2-ui\node_modules\@esbuild\android-arm64
355 silly reify mark deleted [
355 silly reify   'E:\\Annotation2\\annotation2-ui\\node_modules\\@esbuild\\android-arm64'
355 silly reify ]
356 verbose reify failed optional dependency E:\Annotation2\annotation2-ui\node_modules\@esbuild\android-arm
357 silly reify mark deleted [
357 silly reify   'E:\\Annotation2\\annotation2-ui\\node_modules\\@esbuild\\android-arm'
357 silly reify ]
358 verbose reify failed optional dependency E:\Annotation2\annotation2-ui\node_modules\@esbuild\aix-ppc64
359 silly reify mark deleted [
359 silly reify   'E:\\Annotation2\\annotation2-ui\\node_modules\\@esbuild\\aix-ppc64'
359 silly reify ]
360 timing reifyNode:node_modules/fsevents Completed in 18ms
361 timing reifyNode:node_modules/@rollup/rollup-win32-ia32-msvc Completed in 18ms
362 timing reifyNode:node_modules/@rollup/rollup-win32-arm64-msvc Completed in 18ms
363 timing reifyNode:node_modules/@rollup/rollup-openharmony-arm64 Completed in 19ms
364 timing reifyNode:node_modules/@rollup/rollup-linux-x64-musl Completed in 19ms
365 timing reifyNode:node_modules/@rollup/rollup-linux-x64-gnu Completed in 19ms
366 timing reifyNode:node_modules/@rollup/rollup-linux-s390x-gnu Completed in 19ms
367 timing reifyNode:node_modules/@rollup/rollup-linux-riscv64-musl Completed in 19ms
368 timing reifyNode:node_modules/@rollup/rollup-linux-riscv64-gnu Completed in 19ms
369 timing reifyNode:node_modules/@rollup/rollup-linux-ppc64-gnu Completed in 19ms
370 timing reifyNode:node_modules/@rollup/rollup-linux-loong64-gnu Completed in 19ms
371 timing reifyNode:node_modules/@rollup/rollup-linux-arm64-musl Completed in 19ms
372 timing reifyNode:node_modules/@rollup/rollup-linux-arm64-gnu Completed in 19ms
373 timing reifyNode:node_modules/@rollup/rollup-linux-arm-musleabihf Completed in 19ms
374 timing reifyNode:node_modules/@rollup/rollup-linux-arm-gnueabihf Completed in 19ms
375 timing reifyNode:node_modules/@rollup/rollup-freebsd-x64 Completed in 18ms
376 timing reifyNode:node_modules/@rollup/rollup-freebsd-arm64 Completed in 18ms
377 timing reifyNode:node_modules/@rollup/rollup-darwin-x64 Completed in 18ms
378 timing reifyNode:node_modules/@rollup/rollup-darwin-arm64 Completed in 18ms
379 timing reifyNode:node_modules/@rollup/rollup-android-arm64 Completed in 18ms
380 timing reifyNode:node_modules/@rollup/rollup-android-arm-eabi Completed in 18ms
381 timing reifyNode:node_modules/@esbuild/win32-ia32 Completed in 18ms
382 timing reifyNode:node_modules/@esbuild/win32-arm64 Completed in 18ms
383 timing reifyNode:node_modules/@esbuild/sunos-x64 Completed in 18ms
384 timing reifyNode:node_modules/@esbuild/openbsd-x64 Completed in 18ms
385 timing reifyNode:node_modules/@esbuild/netbsd-x64 Completed in 18ms
386 timing reifyNode:node_modules/@esbuild/linux-x64 Completed in 18ms
387 timing reifyNode:node_modules/@esbuild/linux-s390x Completed in 18ms
388 timing reifyNode:node_modules/@esbuild/linux-riscv64 Completed in 18ms
389 timing reifyNode:node_modules/@esbuild/linux-ppc64 Completed in 18ms
390 timing reifyNode:node_modules/@esbuild/linux-mips64el Completed in 18ms
391 timing reifyNode:node_modules/@esbuild/linux-loong64 Completed in 19ms
392 timing reifyNode:node_modules/@esbuild/linux-ia32 Completed in 19ms
393 timing reifyNode:node_modules/@esbuild/linux-arm64 Completed in 19ms
394 timing reifyNode:node_modules/@esbuild/linux-arm Completed in 19ms
395 timing reifyNode:node_modules/@esbuild/freebsd-x64 Completed in 19ms
396 timing reifyNode:node_modules/@esbuild/freebsd-arm64 Completed in 19ms
397 timing reifyNode:node_modules/@esbuild/darwin-x64 Completed in 19ms
398 timing reifyNode:node_modules/@esbuild/darwin-arm64 Completed in 19ms
399 timing reifyNode:node_modules/@esbuild/android-x64 Completed in 19ms
400 timing reifyNode:node_modules/@esbuild/android-arm64 Completed in 19ms
401 timing reifyNode:node_modules/@esbuild/android-arm Completed in 19ms
402 timing reifyNode:node_modules/@esbuild/aix-ppc64 Completed in 19ms
403 silly tarball no local data for escalade@https://registry.npmjs.org/escalade/-/escalade-3.2.0.tgz. Extracting by manifest.
404 silly tarball no local data for yallist@https://registry.npmjs.org/yallist/-/yallist-3.1.1.tgz. Extracting by manifest.
405 silly tarball no local data for ms@https://registry.npmjs.org/ms/-/ms-2.1.3.tgz. Extracting by manifest.
406 silly tarball no local data for update-browserslist-db@https://registry.npmjs.org/update-browserslist-db/-/update-browserslist-db-1.1.4.tgz. Extracting by manifest.
407 silly tarball no local data for node-releases@https://registry.npmjs.org/node-releases/-/node-releases-2.0.27.tgz. Extracting by manifest.
408 silly tarball no local data for @types/babel__template@https://registry.npmjs.org/@types/babel__template/-/babel__template-7.4.4.tgz. Extracting by manifest.
409 silly tarball no local data for @types/babel__traverse@https://registry.npmjs.org/@types/babel__traverse/-/babel__traverse-7.28.0.tgz. Extracting by manifest.
410 silly tarball no local data for electron-to-chromium@https://registry.npmjs.org/electron-to-chromium/-/electron-to-chromium-1.5.262.tgz. Extracting by manifest.
411 silly tarball no local data for caniuse-lite@https://registry.npmjs.org/caniuse-lite/-/caniuse-lite-1.0.30001757.tgz. Extracting by manifest.
412 silly tarball no local data for @types/babel__generator@https://registry.npmjs.org/@types/babel__generator/-/babel__generator-7.27.0.tgz. Extracting by manifest.
413 silly tarball no local data for @jridgewell/resolve-uri@https://registry.npmjs.org/@jridgewell/resolve-uri/-/resolve-uri-3.1.2.tgz. Extracting by manifest.
414 silly tarball no local data for @jridgewell/sourcemap-codec@https://registry.npmjs.org/@jridgewell/sourcemap-codec/-/sourcemap-codec-1.5.5.tgz. Extracting by manifest.
415 silly tarball no local data for baseline-browser-mapping@https://registry.npmjs.org/baseline-browser-mapping/-/baseline-browser-mapping-2.8.31.tgz. Extracting by manifest.
416 silly tarball no local data for @babel/helper-string-parser@https://registry.npmjs.org/@babel/helper-string-parser/-/helper-string-parser-7.27.1.tgz. Extracting by manifest.
417 silly tarball no local data for lru-cache@https://registry.npmjs.org/lru-cache/-/lru-cache-5.1.1.tgz. Extracting by manifest.
418 silly tarball no local data for @babel/helper-globals@https://registry.npmjs.org/@babel/helper-globals/-/helper-globals-7.28.0.tgz. Extracting by manifest.
419 silly tarball no local data for @babel/helper-plugin-utils@https://registry.npmjs.org/@babel/helper-plugin-utils/-/helper-plugin-utils-7.27.1.tgz. Extracting by manifest.
420 silly tarball no local data for browserslist@https://registry.npmjs.org/browserslist/-/browserslist-4.28.0.tgz. Extracting by manifest.
421 silly tarball no local data for @babel/helper-module-imports@https://registry.npmjs.org/@babel/helper-module-imports/-/helper-module-imports-7.27.1.tgz. Extracting by manifest.
422 silly tarball no local data for jsesc@https://registry.npmjs.org/jsesc/-/jsesc-3.1.0.tgz. Extracting by manifest.
423 silly tarball no local data for @jridgewell/trace-mapping@https://registry.npmjs.org/@jridgewell/trace-mapping/-/trace-mapping-0.3.31.tgz. Extracting by manifest.
424 silly tarball no local data for @jridgewell/gen-mapping@https://registry.npmjs.org/@jridgewell/gen-mapping/-/gen-mapping-0.3.13.tgz. Extracting by manifest.
425 silly tarball no local data for @babel/compat-data@https://registry.npmjs.org/@babel/compat-data/-/compat-data-7.28.5.tgz. Extracting by manifest.
426 silly tarball no local data for @babel/helper-validator-option@https://registry.npmjs.org/@babel/helper-validator-option/-/helper-validator-option-7.27.1.tgz. Extracting by manifest.
427 silly tarball no local data for @babel/helper-validator-identifier@https://registry.npmjs.org/@babel/helper-validator-identifier/-/helper-validator-identifier-7.28.5.tgz. Extracting by manifest.
428 silly tarball no local data for semver@https://registry.npmjs.org/semver/-/semver-6.3.1.tgz. Extracting by manifest.
429 silly tarball no local data for json5@https://registry.npmjs.org/json5/-/json5-2.2.3.tgz. Extracting by manifest.
430 silly tarball no local data for gensync@https://registry.npmjs.org/gensync/-/gensync-1.0.0-beta.2.tgz. Extracting by manifest.
431 silly tarball no local data for debug@https://registry.npmjs.org/debug/-/debug-4.4.3.tgz. Extracting by manifest.
432 silly tarball no local data for @jridgewell/remapping@https://registry.npmjs.org/@jridgewell/remapping/-/remapping-2.3.5.tgz. Extracting by manifest.
433 silly tarball no local data for convert-source-map@https://registry.npmjs.org/convert-source-map/-/convert-source-map-2.0.0.tgz. Extracting by manifest.
434 silly tarball no local data for @babel/traverse@https://registry.npmjs.org/@babel/traverse/-/traverse-7.28.5.tgz. Extracting by manifest.
435 silly tarball no local data for @babel/types@https://registry.npmjs.org/@babel/types/-/types-7.28.5.tgz. Extracting by manifest.
436 silly tarball no local data for @babel/template@https://registry.npmjs.org/@babel/template/-/template-7.27.2.tgz. Extracting by manifest.
437 silly tarball no local data for @babel/parser@https://registry.npmjs.org/@babel/parser/-/parser-7.28.5.tgz. Extracting by manifest.
438 silly tarball no local data for @babel/helpers@https://registry.npmjs.org/@babel/helpers/-/helpers-7.28.4.tgz. Extracting by manifest.
439 silly tarball no local data for @babel/helper-compilation-targets@https://registry.npmjs.org/@babel/helper-compilation-targets/-/helper-compilation-targets-7.27.2.tgz. Extracting by manifest.
440 silly tarball no local data for @babel/generator@https://registry.npmjs.org/@babel/generator/-/generator-7.28.5.tgz. Extracting by manifest.
441 silly tarball no local data for @babel/helper-module-transforms@https://registry.npmjs.org/@babel/helper-module-transforms/-/helper-module-transforms-7.28.3.tgz. Extracting by manifest.
442 silly tarball no local data for react-refresh@https://registry.npmjs.org/react-refresh/-/react-refresh-0.17.0.tgz. Extracting by manifest.
443 silly tarball no local data for @babel/code-frame@https://registry.npmjs.org/@babel/code-frame/-/code-frame-7.27.1.tgz. Extracting by manifest.
444 silly tarball no local data for @types/babel__core@https://registry.npmjs.org/@types/babel__core/-/babel__core-7.20.5.tgz. Extracting by manifest.
445 silly tarball no local data for @babel/plugin-transform-react-jsx-source@https://registry.npmjs.org/@babel/plugin-transform-react-jsx-source/-/plugin-transform-react-jsx-source-7.27.1.tgz. Extracting by manifest.
446 silly tarball no local data for @rolldown/pluginutils@https://registry.npmjs.org/@rolldown/pluginutils/-/pluginutils-1.0.0-beta.27.tgz. Extracting by manifest.
447 silly tarball no local data for @babel/plugin-transform-react-jsx-self@https://registry.npmjs.org/@babel/plugin-transform-react-jsx-self/-/plugin-transform-react-jsx-self-7.27.1.tgz. Extracting by manifest.
448 silly tarball no local data for @vitejs/plugin-react@https://registry.npmjs.org/@vitejs/plugin-react/-/plugin-react-4.7.0.tgz. Extracting by manifest.
449 silly tarball no local data for @babel/core@https://registry.npmjs.org/@babel/core/-/core-7.28.5.tgz. Extracting by manifest.
450 http fetch GET 200 https://registry.npmjs.org/@types/babel__template/-/babel__template-7.4.4.tgz 190ms (cache miss)
451 timing reifyNode:node_modules/@types/babel__template Completed in 224ms
452 http fetch GET 200 https://registry.npmjs.org/@jridgewell/resolve-uri/-/resolve-uri-3.1.2.tgz 190ms (cache miss)
453 http fetch GET 200 https://registry.npmjs.org/@types/babel__generator/-/babel__generator-7.27.0.tgz 192ms (cache miss)
454 timing reifyNode:node_modules/@types/babel__generator Completed in 229ms
455 http fetch GET 200 https://registry.npmjs.org/@types/babel__traverse/-/babel__traverse-7.28.0.tgz 198ms (cache miss)
456 http fetch GET 200 https://registry.npmjs.org/ms/-/ms-2.1.3.tgz 206ms (cache miss)
457 timing reifyNode:node_modules/ms Completed in 240ms
458 http fetch GET 200 https://registry.npmjs.org/@babel/helper-string-parser/-/helper-string-parser-7.27.1.tgz 203ms (cache miss)
459 timing reifyNode:node_modules/@types/babel__traverse Completed in 245ms
460 timing reifyNode:node_modules/@babel/helper-string-parser Completed in 249ms
461 http fetch GET 200 https://registry.npmjs.org/node-releases/-/node-releases-2.0.27.tgz 215ms (cache miss)
462 timing reifyNode:node_modules/node-releases Completed in 253ms
463 http fetch GET 200 https://registry.npmjs.org/yallist/-/yallist-3.1.1.tgz 228ms (cache miss)
464 timing reifyNode:node_modules/yallist Completed in 261ms
465 http fetch GET 200 https://registry.npmjs.org/update-browserslist-db/-/update-browserslist-db-1.1.4.tgz 234ms (cache miss)
466 timing reifyNode:node_modules/update-browserslist-db Completed in 278ms
467 timing reifyNode:node_modules/@jridgewell/resolve-uri Completed in 290ms
468 http fetch GET 200 https://registry.npmjs.org/escalade/-/escalade-3.2.0.tgz 275ms (cache miss)
469 timing reifyNode:node_modules/escalade Completed in 313ms
470 http fetch GET 200 https://registry.npmjs.org/lru-cache/-/lru-cache-5.1.1.tgz 280ms (cache miss)
471 timing reifyNode:node_modules/lru-cache Completed in 319ms
472 http fetch GET 200 https://registry.npmjs.org/jsesc/-/jsesc-3.1.0.tgz 278ms (cache miss)
473 http fetch POST 200 https://registry.npmjs.org/-/npm/v1/security/advisories/bulk 324ms
474 timing auditReport:getReport Completed in 328ms
475 silly audit report {
475 silly audit report   esbuild: [
475 silly audit report     {
475 silly audit report       id: 1102341,
475 silly audit report       url: 'https://github.com/advisories/GHSA-67mh-4wv8-2f99',
475 silly audit report       title: 'esbuild enables any website to send any requests to the development server and read the response',
475 silly audit report       severity: 'moderate',
475 silly audit report       vulnerable_versions: '<=0.24.2',
475 silly audit report       cwe: [Array],
475 silly audit report       cvss: [Object]
475 silly audit report     }
475 silly audit report   ]
475 silly audit report }
476 http fetch GET 200 https://registry.npmjs.org/baseline-browser-mapping/-/baseline-browser-mapping-2.8.31.tgz 293ms (cache miss)
477 http fetch GET 200 https://registry.npmjs.org/@babel/helper-plugin-utils/-/helper-plugin-utils-7.27.1.tgz 301ms (cache miss)
478 timing reifyNode:node_modules/baseline-browser-mapping Completed in 342ms
479 http fetch GET 200 https://registry.npmjs.org/@babel/helper-globals/-/helper-globals-7.28.0.tgz 310ms (cache miss)
480 timing reifyNode:node_modules/@babel/helper-plugin-utils Completed in 351ms
481 timing metavuln:cache:get:security-advisory:esbuild:jKdCIzePj7J1488qgRXvF8Srh9wutSuR1exB8YooNX62hT+qhtrUXYbArLNoIhgwbaCqKpmduh18syZU7BR9SA== Completed in 28ms
482 timing reifyNode:node_modules/@babel/helper-globals Completed in 362ms
483 http fetch GET 200 https://registry.npmjs.org/electron-to-chromium/-/electron-to-chromium-1.5.262.tgz 328ms (cache miss)
484 timing reifyNode:node_modules/jsesc Completed in 363ms
485 timing reifyNode:node_modules/electron-to-chromium Completed in 364ms
486 http fetch GET 200 https://registry.npmjs.org/esbuild 58ms (cache hit)
487 timing metavuln:packument:esbuild Completed in 62ms
488 timing metavuln:load:security-advisory:esbuild:1102341 Completed in 3ms
489 timing metavuln:calculate:security-advisory:esbuild:1102341 Completed in 67ms
490 timing metavuln:packument:vite Completed in 0ms
491 http fetch GET 200 https://registry.npmjs.org/debug/-/debug-4.4.3.tgz 372ms (cache miss)
492 http fetch GET 200 https://registry.npmjs.org/semver/-/semver-6.3.1.tgz 385ms (cache miss)
493 timing reifyNode:node_modules/semver Completed in 428ms
494 http fetch GET 200 https://registry.npmjs.org/browserslist/-/browserslist-4.28.0.tgz 389ms (cache miss)
495 http fetch GET 200 https://registry.npmjs.org/@babel/helper-validator-identifier/-/helper-validator-identifier-7.28.5.tgz 387ms (cache miss)
496 http fetch GET 200 https://registry.npmjs.org/convert-source-map/-/convert-source-map-2.0.0.tgz 390ms (cache miss)
497 timing metavuln:cache:get:security-advisory:vite:tMBsdAS7JBTyRORp0YaJR984WAAsOxgmReSLBN0Nd41GhzEakjROICqAJ31iOdYG5Ijo/MlJ01p3ig1iN88+Tw== Completed in 51ms
498 timing metavuln:load:security-advisory:vite:jKdCIzePj7J1488qgRXvF8Srh9wutSuR1exB8YooNX62hT+qhtrUXYbArLNoIhgwbaCqKpmduh18syZU7BR9SA== Completed in 2ms
499 timing metavuln:calculate:security-advisory:vite:jKdCIzePj7J1488qgRXvF8Srh9wutSuR1exB8YooNX62hT+qhtrUXYbArLNoIhgwbaCqKpmduh18syZU7BR9SA== Completed in 54ms
500 timing metavuln:packument:@vitejs/plugin-react Completed in 0ms
501 timing reifyNode:node_modules/convert-source-map Completed in 480ms
502 timing reifyNode:node_modules/browserslist Completed in 481ms
503 timing metavuln:cache:get:security-advisory:@vitejs/plugin-react:P4XDBxCt1M9jhU3wPSnbYo14hU9TEKKi3dRjV6pE6SGkUMgEqrUpLUvU/o4utnW6O2m8Mrkk3y+AtxEbBn/p0A== Completed in 13ms
504 timing metavuln:load:security-advisory:@vitejs/plugin-react:tMBsdAS7JBTyRORp0YaJR984WAAsOxgmReSLBN0Nd41GhzEakjROICqAJ31iOdYG5Ijo/MlJ01p3ig1iN88+Tw== Completed in 26ms
505 timing reifyNode:node_modules/@babel/helper-validator-identifier Completed in 510ms
506 http fetch GET 200 https://registry.npmjs.org/@babel/helper-validator-option/-/helper-validator-option-7.27.1.tgz 476ms (cache miss)
507 http fetch GET 200 https://registry.npmjs.org/gensync/-/gensync-1.0.0-beta.2.tgz 481ms (cache miss)
508 timing reifyNode:node_modules/@babel/helper-validator-option Completed in 543ms
509 timing reifyNode:node_modules/gensync Completed in 547ms
510 http fetch GET 200 https://registry.npmjs.org/@babel/helper-module-imports/-/helper-module-imports-7.27.1.tgz 513ms (cache miss)
511 timing reifyNode:node_modules/debug Completed in 566ms
512 http fetch GET 200 https://registry.npmjs.org/@types/babel__core/-/babel__core-7.20.5.tgz 520ms (cache miss)
513 timing reifyNode:node_modules/@babel/helper-module-imports Completed in 576ms
514 timing reifyNode:node_modules/@types/babel__core Completed in 577ms
515 http fetch GET 200 https://registry.npmjs.org/@rolldown/pluginutils/-/pluginutils-1.0.0-beta.27.tgz 527ms (cache miss)
516 timing metavuln:cache:put:security-advisory:@vitejs/plugin-react:P4XDBxCt1M9jhU3wPSnbYo14hU9TEKKi3dRjV6pE6SGkUMgEqrUpLUvU/o4utnW6O2m8Mrkk3y+AtxEbBn/p0A== Completed in 82ms
517 timing metavuln:calculate:security-advisory:@vitejs/plugin-react:tMBsdAS7JBTyRORp0YaJR984WAAsOxgmReSLBN0Nd41GhzEakjROICqAJ31iOdYG5Ijo/MlJ01p3ig1iN88+Tw== Completed in 122ms
518 timing auditReport:init Completed in 267ms
519 timing reify:audit Completed in 596ms
520 http fetch GET 200 https://registry.npmjs.org/@babel/plugin-transform-react-jsx-source/-/plugin-transform-react-jsx-source-7.27.1.tgz 540ms (cache miss)
521 http fetch GET 200 https://registry.npmjs.org/@babel/plugin-transform-react-jsx-self/-/plugin-transform-react-jsx-self-7.27.1.tgz 542ms (cache miss)
522 http fetch GET 200 https://registry.npmjs.org/@babel/compat-data/-/compat-data-7.28.5.tgz 558ms (cache miss)
523 timing reifyNode:node_modules/@babel/plugin-transform-react-jsx-source Completed in 601ms
524 timing reifyNode:node_modules/@babel/plugin-transform-react-jsx-self Completed in 605ms
525 timing reifyNode:node_modules/@babel/compat-data Completed in 607ms
526 timing reifyNode:node_modules/@rolldown/pluginutils Completed in 610ms
527 http fetch GET 200 https://registry.npmjs.org/react-refresh/-/react-refresh-0.17.0.tgz 568ms (cache miss)
528 http fetch GET 200 https://registry.npmjs.org/@babel/code-frame/-/code-frame-7.27.1.tgz 568ms (cache miss)
529 timing reifyNode:node_modules/@babel/code-frame Completed in 619ms
530 http fetch GET 200 https://registry.npmjs.org/@vitejs/plugin-react/-/plugin-react-4.7.0.tgz 565ms (cache miss)
531 timing reifyNode:node_modules/react-refresh Completed in 623ms
532 timing reifyNode:node_modules/@vitejs/plugin-react Completed in 624ms
533 http fetch GET 200 https://registry.npmjs.org/@jridgewell/sourcemap-codec/-/sourcemap-codec-1.5.5.tgz 589ms (cache miss)
534 timing reifyNode:node_modules/@jridgewell/sourcemap-codec Completed in 630ms
535 http fetch GET 200 https://registry.npmjs.org/@babel/helper-compilation-targets/-/helper-compilation-targets-7.27.2.tgz 606ms (cache miss)
536 http fetch GET 200 https://registry.npmjs.org/json5/-/json5-2.2.3.tgz 612ms (cache miss)
537 timing reifyNode:node_modules/@babel/helper-compilation-targets Completed in 659ms
538 timing reifyNode:node_modules/json5 Completed in 660ms
539 http fetch GET 200 https://registry.npmjs.org/@babel/template/-/template-7.27.2.tgz 617ms (cache miss)
540 timing reifyNode:node_modules/@babel/template Completed in 668ms
541 http fetch GET 200 https://registry.npmjs.org/@babel/helper-module-transforms/-/helper-module-transforms-7.28.3.tgz 627ms (cache miss)
542 timing reifyNode:node_modules/@babel/helper-module-transforms Completed in 691ms
543 http fetch GET 200 https://registry.npmjs.org/@jridgewell/gen-mapping/-/gen-mapping-0.3.13.tgz 660ms (cache miss)
544 timing reifyNode:node_modules/@jridgewell/gen-mapping Completed in 705ms
545 http fetch GET 200 https://registry.npmjs.org/@jridgewell/remapping/-/remapping-2.3.5.tgz 673ms (cache miss)
546 timing reifyNode:node_modules/@jridgewell/remapping Completed in 720ms
547 http fetch GET 200 https://registry.npmjs.org/@babel/parser/-/parser-7.28.5.tgz 696ms (cache miss)
548 timing reifyNode:node_modules/@babel/parser Completed in 745ms
549 http fetch GET 200 https://registry.npmjs.org/@jridgewell/trace-mapping/-/trace-mapping-0.3.31.tgz 714ms (cache miss)
550 timing reifyNode:node_modules/@jridgewell/trace-mapping Completed in 757ms
551 http fetch GET 200 https://registry.npmjs.org/@babel/generator/-/generator-7.28.5.tgz 724ms (cache miss)
552 timing reifyNode:node_modules/@babel/generator Completed in 774ms
553 http fetch GET 200 https://registry.npmjs.org/@babel/traverse/-/traverse-7.28.5.tgz 768ms (cache miss)
554 timing reifyNode:node_modules/@babel/traverse Completed in 814ms
555 http fetch GET 200 https://registry.npmjs.org/@babel/core/-/core-7.28.5.tgz 848ms (cache miss)
556 timing reifyNode:node_modules/@babel/core Completed in 905ms
557 http fetch GET 200 https://registry.npmjs.org/@babel/types/-/types-7.28.5.tgz 946ms (cache miss)
558 timing reifyNode:node_modules/@babel/types Completed in 994ms
559 http fetch GET 200 https://registry.npmjs.org/@babel/helpers/-/helpers-7.28.4.tgz 965ms (cache miss)
560 timing reifyNode:node_modules/@babel/helpers Completed in 1013ms
561 http fetch GET 200 https://registry.npmjs.org/caniuse-lite/-/caniuse-lite-1.0.30001757.tgz 1383ms (cache miss)
562 timing reifyNode:node_modules/caniuse-lite Completed in 1420ms
563 timing reify:unpack Completed in 1421ms
564 timing reify:unretire Completed in 0ms
565 timing build:queue Completed in 3ms
566 timing build:link:node_modules/baseline-browser-mapping Completed in 45ms
567 timing build:link:node_modules/@babel/parser Completed in 46ms
568 timing build:link:node_modules/json5 Completed in 45ms
569 timing build:link:node_modules/browserslist Completed in 45ms
570 timing build:link:node_modules/update-browserslist-db Completed in 47ms
571 timing build:link:node_modules/jsesc Completed in 63ms
572 timing build:link:node_modules/semver Completed in 87ms
573 timing build:link Completed in 89ms
574 timing build:deps Completed in 92ms
575 timing build Completed in 92ms
576 timing reify:build Completed in 93ms
577 timing reify:trash Completed in 6ms
578 timing reify:save Completed in 57ms
579 timing reify Completed in 4213ms
580 silly ADD node_modules/escalade
581 silly ADD node_modules/yallist
582 silly ADD node_modules/ms
583 silly ADD node_modules/update-browserslist-db
584 silly ADD node_modules/node-releases
585 silly ADD node_modules/electron-to-chromium
586 silly ADD node_modules/caniuse-lite
587 silly ADD node_modules/baseline-browser-mapping
588 silly ADD node_modules/@types/babel__traverse
589 silly ADD node_modules/@types/babel__template
590 silly ADD node_modules/@types/babel__generator
591 silly ADD node_modules/@jridgewell/resolve-uri
592 silly ADD node_modules/@jridgewell/sourcemap-codec
593 silly ADD node_modules/@babel/helper-string-parser
594 silly ADD node_modules/@babel/helper-globals
595 silly ADD node_modules/@babel/helper-plugin-utils
596 silly ADD node_modules/@babel/helper-module-imports
597 silly ADD node_modules/lru-cache
598 silly ADD node_modules/browserslist
599 silly ADD node_modules/@babel/helper-validator-option
600 silly ADD node_modules/@babel/compat-data
601 silly ADD node_modules/jsesc
602 silly ADD node_modules/@jridgewell/trace-mapping
603 silly ADD node_modules/@jridgewell/gen-mapping
604 silly ADD node_modules/@babel/helper-validator-identifier
605 silly ADD node_modules/semver
606 silly ADD node_modules/json5
607 silly ADD node_modules/gensync
608 silly ADD node_modules/debug
609 silly ADD node_modules/convert-source-map
610 silly ADD node_modules/@jridgewell/remapping
611 silly ADD node_modules/@babel/types
612 silly ADD node_modules/@babel/traverse
613 silly ADD node_modules/@babel/template
614 silly ADD node_modules/@babel/parser
615 silly ADD node_modules/@babel/helpers
616 silly ADD node_modules/@babel/helper-module-transforms
617 silly ADD node_modules/@babel/helper-compilation-targets
618 silly ADD node_modules/@babel/generator
619 silly ADD node_modules/@babel/code-frame
620 silly ADD node_modules/react-refresh
621 silly ADD node_modules/@types/babel__core
622 silly ADD node_modules/@rolldown/pluginutils
623 silly ADD node_modules/@babel/plugin-transform-react-jsx-source
624 silly ADD node_modules/@babel/plugin-transform-react-jsx-self
625 silly ADD node_modules/@babel/core
626 silly ADD node_modules/@vitejs/plugin-react
627 silly ADD
628 silly ADD
629 silly ADD
630 silly ADD
631 silly ADD
632 silly ADD
633 silly ADD
634 silly ADD
635 silly ADD
636 silly ADD
637 silly ADD
638 silly ADD
639 silly ADD
640 silly ADD
641 silly ADD
642 silly ADD
643 silly ADD
644 silly ADD
645 silly ADD
646 silly ADD
647 silly ADD
648 silly ADD
649 silly ADD
650 silly ADD
651 silly ADD
652 silly ADD
653 silly ADD
654 silly ADD
655 silly ADD
656 silly ADD
657 silly ADD
658 silly ADD
659 silly ADD
660 silly ADD
661 silly ADD
662 silly ADD
663 silly ADD
664 silly ADD
665 silly ADD
666 silly ADD
667 silly ADD
668 silly ADD
669 silly ADD
670 timing command:install Completed in 4230ms
671 verbose exit 0
672 timing npm Completed in 4554ms
673 info ok
