0 verbose cli D:\nodejs\node.exe D:\nodejs\node_modules\npm\bin\npm-cli.js
1 info using npm@10.2.3
2 info using node@v18.19.0
3 timing npm:load:whichnode Completed in 2ms
4 timing config:load:defaults Completed in 1ms
5 timing config:load:file:D:\nodejs\node_modules\npm\npmrc Completed in 3ms
6 timing config:load:builtin Completed in 3ms
7 timing config:load:cli Completed in 1ms
8 timing config:load:env Completed in 1ms
9 timing config:load:file:E:\Annotation2\annotation2-ui\.npmrc Completed in 0ms
10 timing config:load:project Completed in 1ms
11 timing config:load:file:C:\Users\30894\.npmrc Completed in 0ms
12 timing config:load:user Completed in 1ms
13 timing config:load:file:D:\nodejs\node_global\etc\npmrc Completed in 0ms
14 timing config:load:global Completed in 0ms
15 timing config:load:setEnvs Completed in 1ms
16 timing config:load Completed in 9ms
17 timing npm:load:configload Completed in 9ms
18 timing config:load:flatten Completed in 2ms
19 timing npm:load:mkdirpcache Completed in 1ms
20 timing npm:load:mkdirplogs Completed in 0ms
21 verbose title npm run dev
22 verbose argv "run" "dev"
23 timing npm:load:setTitle Completed in 1ms
24 timing npm:load:display Completed in 0ms
25 verbose logfile logs-max:10 dir:e:\Annotation2\annotation2-ui\.npm-cache\_logs\2025-11-29T07_56_24_752Z-
26 verbose logfile e:\Annotation2\annotation2-ui\.npm-cache\_logs\2025-11-29T07_56_24_752Z-debug-0.log
27 timing npm:load:logFile Completed in 11ms
28 timing npm:load:timers Completed in 0ms
29 timing npm:load:configScope Completed in 0ms
30 timing npm:load Completed in 47ms
31 silly logfile start cleaning logs, removing 5 files
32 silly logfile error removing log file E:\Annotation2\annotation2-ui\.npm-cache\_logs\2025-11-29T07_38_13_573Z-debug-0.log [Error: EPERM: operation not permitted, lstat 'E:\Annotation2\annotation2-ui\.npm-cache\_logs\2025-11-29T07_38_13_573Z-debug-0.log'] {
32 silly logfile   errno: -4048,
32 silly logfile   code: 'EPERM',
32 silly logfile   syscall: 'lstat',
32 silly logfile   path: 'E:\\Annotation2\\annotation2-ui\\.npm-cache\\_logs\\2025-11-29T07_38_13_573Z-debug-0.log'
32 silly logfile }
33 silly logfile error removing log file E:\Annotation2\annotation2-ui\.npm-cache\_logs\2025-11-28T09_16_24_648Z-debug-0.log [Error: EPERM: operation not permitted, lstat 'E:\Annotation2\annotation2-ui\.npm-cache\_logs\2025-11-28T09_16_24_648Z-debug-0.log'] {
33 silly logfile   errno: -4048,
33 silly logfile   code: 'EPERM',
33 silly logfile   syscall: 'lstat',
33 silly logfile   path: 'E:\\Annotation2\\annotation2-ui\\.npm-cache\\_logs\\2025-11-28T09_16_24_648Z-debug-0.log'
33 silly logfile }
34 silly logfile error removing log file E:\Annotation2\annotation2-ui\.npm-cache\_logs\2025-11-28T09_15_44_431Z-debug-0.log [Error: EPERM: operation not permitted, lstat 'E:\Annotation2\annotation2-ui\.npm-cache\_logs\2025-11-28T09_15_44_431Z-debug-0.log'] {
34 silly logfile   errno: -4048,
34 silly logfile   code: 'EPERM',
34 silly logfile   syscall: 'lstat',
34 silly logfile   path: 'E:\\Annotation2\\annotation2-ui\\.npm-cache\\_logs\\2025-11-28T09_15_44_431Z-debug-0.log'
34 silly logfile }
35 silly logfile done cleaning log files
36 timing command:run Completed in 1200718ms
37 verbose exit 3221225786
38 timing npm Completed in 1200875ms
39 verbose code 3221225786
